{"method":"GET","url":"/","status":"304","res":"- bytes","response-time":"21.488 ms"}
{"method":"GET","url":"/stylesheets/style.css","status":"304","res":"- bytes","response-time":"1.505 ms"}
{"method":"GET","url":"/stylesheets/requirement-modal.css","status":"304","res":"- bytes","response-time":"3.515 ms"}
{"method":"GET","url":"/images/download.png","status":"304","res":"- bytes","response-time":"2.691 ms"}
{"method":"GET","url":"/images/register.png","status":"404","res":"5547 bytes","response-time":"15.338 ms"}
{"method":"GET","url":"/javascripts/script.js","status":"304","res":"- bytes","response-time":"3.401 ms"}
{"method":"GET","url":"/javascripts/requirement-modal.js","status":"304","res":"- bytes","response-time":"0.830 ms"}
{"method":"GET","url":"/images/search.png","status":"304","res":"- bytes","response-time":"1.649 ms"}
{"method":"GET","url":"/images/demo.png","status":"304","res":"- bytes","response-time":"1.644 ms"}
{"method":"GET","url":"/images/learn.png","status":"304","res":"- bytes","response-time":"1.670 ms"}
{"method":"GET","url":"/images/feedback.png","status":"304","res":"- bytes","response-time":"1.865 ms"}
{"method":"GET","url":"/images/maths.png","status":"304","res":"- bytes","response-time":"0.539 ms"}
{"method":"GET","url":"/images/Art.png","status":"304","res":"- bytes","response-time":"3.029 ms"}
{"method":"GET","url":"/images/geog.png","status":"304","res":"- bytes","response-time":"0.634 ms"}
{"method":"GET","url":"/images/history.png","status":"304","res":"- bytes","response-time":"0.626 ms"}
{"method":"GET","url":"/images/hindi.png","status":"304","res":"- bytes","response-time":"0.556 ms"}
{"method":"GET","url":"/images/science.png","status":"304","res":"- bytes","response-time":"1.643 ms"}
{"method":"GET","url":"/images/eng.png","status":"304","res":"- bytes","response-time":"1.220 ms"}
{"method":"GET","url":"/images/marathi.png","status":"304","res":"- bytes","response-time":"2.019 ms"}
{"method":"GET","url":"/images/fees.png","status":"304","res":"- bytes","response-time":"0.964 ms"}
{"method":"GET","url":"/images/tutor.png","status":"304","res":"- bytes","response-time":"1.002 ms"}
{"method":"GET","url":"/images/review.png","status":"304","res":"- bytes","response-time":"0.970 ms"}
{"method":"GET","url":"/images/online.png","status":"304","res":"- bytes","response-time":"0.976 ms"}
{"method":"GET","url":"/images/group.png","status":"304","res":"- bytes","response-time":"1.035 ms"}
{"method":"GET","url":"/images/home.png","status":"304","res":"- bytes","response-time":"3.126 ms"}
{"method":"GET","url":"/","status":"304","res":"- bytes","response-time":"31.087 ms"}
{"method":"GET","url":"/stylesheets/style.css","status":"304","res":"- bytes","response-time":"2.851 ms"}
{"method":"GET","url":"/stylesheets/requirement-modal.css","status":"304","res":"- bytes","response-time":"4.367 ms"}
{"method":"GET","url":"/images/download.png","status":"304","res":"- bytes","response-time":"6.316 ms"}
{"method":"GET","url":"/images/register.png","status":"404","res":"5547 bytes","response-time":"9.507 ms"}
{"method":"GET","url":"/javascripts/script.js","status":"304","res":"- bytes","response-time":"0.743 ms"}
{"method":"GET","url":"/javascripts/requirement-modal.js","status":"304","res":"- bytes","response-time":"0.844 ms"}
{"method":"GET","url":"/images/search.png","status":"304","res":"- bytes","response-time":"0.553 ms"}
{"method":"GET","url":"/images/demo.png","status":"304","res":"- bytes","response-time":"2.174 ms"}
{"method":"GET","url":"/images/learn.png","status":"304","res":"- bytes","response-time":"0.812 ms"}
{"method":"GET","url":"/images/feedback.png","status":"304","res":"- bytes","response-time":"0.560 ms"}
{"method":"GET","url":"/images/maths.png","status":"304","res":"- bytes","response-time":"0.713 ms"}
{"method":"GET","url":"/images/Art.png","status":"304","res":"- bytes","response-time":"0.615 ms"}
{"method":"GET","url":"/images/geog.png","status":"304","res":"- bytes","response-time":"1.844 ms"}
{"method":"GET","url":"/images/history.png","status":"304","res":"- bytes","response-time":"3.084 ms"}
{"method":"GET","url":"/images/science.png","status":"304","res":"- bytes","response-time":"0.776 ms"}
{"method":"GET","url":"/images/hindi.png","status":"304","res":"- bytes","response-time":"0.634 ms"}
{"method":"GET","url":"/images/eng.png","status":"304","res":"- bytes","response-time":"0.987 ms"}
{"method":"GET","url":"/images/marathi.png","status":"304","res":"- bytes","response-time":"1.009 ms"}
{"method":"GET","url":"/images/fees.png","status":"304","res":"- bytes","response-time":"0.986 ms"}
{"method":"GET","url":"/images/tutor.png","status":"304","res":"- bytes","response-time":"2.632 ms"}
{"method":"GET","url":"/images/review.png","status":"304","res":"- bytes","response-time":"1.461 ms"}
{"method":"GET","url":"/images/online.png","status":"304","res":"- bytes","response-time":"0.867 ms"}
{"method":"GET","url":"/images/group.png","status":"304","res":"- bytes","response-time":"0.980 ms"}
{"method":"GET","url":"/images/home.png","status":"304","res":"- bytes","response-time":"0.896 ms"}
{"method":"GET","url":"/","status":"304","res":"- bytes","response-time":"21.978 ms"}
{"method":"GET","url":"/stylesheets/style.css","status":"304","res":"- bytes","response-time":"1.938 ms"}
{"method":"GET","url":"/stylesheets/requirement-modal.css","status":"304","res":"- bytes","response-time":"2.012 ms"}
{"method":"GET","url":"/images/download.png","status":"304","res":"- bytes","response-time":"2.117 ms"}
{"method":"GET","url":"/images/register.png","status":"404","res":"5547 bytes","response-time":"16.183 ms"}
{"method":"GET","url":"/javascripts/script.js","status":"304","res":"- bytes","response-time":"4.800 ms"}
{"method":"GET","url":"/javascripts/requirement-modal.js","status":"304","res":"- bytes","response-time":"7.305 ms"}
{"method":"GET","url":"/images/search.png","status":"304","res":"- bytes","response-time":"6.921 ms"}
{"method":"GET","url":"/images/demo.png","status":"304","res":"- bytes","response-time":"2.810 ms"}
{"method":"GET","url":"/images/learn.png","status":"304","res":"- bytes","response-time":"2.215 ms"}
{"method":"GET","url":"/images/feedback.png","status":"304","res":"- bytes","response-time":"2.124 ms"}
{"method":"GET","url":"/images/maths.png","status":"304","res":"- bytes","response-time":"0.950 ms"}
{"method":"GET","url":"/images/Art.png","status":"304","res":"- bytes","response-time":"1.395 ms"}
{"method":"GET","url":"/images/geog.png","status":"304","res":"- bytes","response-time":"0.835 ms"}
{"method":"GET","url":"/images/science.png","status":"304","res":"- bytes","response-time":"0.853 ms"}
{"method":"GET","url":"/images/history.png","status":"304","res":"- bytes","response-time":"2.001 ms"}
{"method":"GET","url":"/images/hindi.png","status":"304","res":"- bytes","response-time":"1.321 ms"}
{"method":"GET","url":"/images/eng.png","status":"304","res":"- bytes","response-time":"0.787 ms"}
{"method":"GET","url":"/images/marathi.png","status":"304","res":"- bytes","response-time":"3.227 ms"}
{"method":"GET","url":"/images/fees.png","status":"304","res":"- bytes","response-time":"4.710 ms"}
{"method":"GET","url":"/images/tutor.png","status":"304","res":"- bytes","response-time":"0.999 ms"}
{"method":"GET","url":"/images/review.png","status":"304","res":"- bytes","response-time":"1.742 ms"}
{"method":"GET","url":"/images/online.png","status":"304","res":"- bytes","response-time":"1.195 ms"}
{"method":"GET","url":"/images/group.png","status":"304","res":"- bytes","response-time":"0.595 ms"}
{"method":"GET","url":"/images/home.png","status":"304","res":"- bytes","response-time":"2.690 ms"}
{"method":"GET","url":"/","status":"304","res":"- bytes","response-time":"17.227 ms"}
{"method":"GET","url":"/stylesheets/style.css","status":"304","res":"- bytes","response-time":"1.315 ms"}
{"method":"GET","url":"/stylesheets/requirement-modal.css","status":"304","res":"- bytes","response-time":"1.232 ms"}
{"method":"GET","url":"/images/download.png","status":"304","res":"- bytes","response-time":"1.589 ms"}
{"method":"GET","url":"/images/register.png","status":"200","res":"2322 bytes","response-time":"1.268 ms"}
{"method":"GET","url":"/javascripts/script.js","status":"304","res":"- bytes","response-time":"0.703 ms"}
{"method":"GET","url":"/javascripts/requirement-modal.js","status":"304","res":"- bytes","response-time":"1.663 ms"}
{"method":"GET","url":"/images/search.png","status":"304","res":"- bytes","response-time":"5.345 ms"}
{"method":"GET","url":"/images/demo.png","status":"304","res":"- bytes","response-time":"1.072 ms"}
{"method":"GET","url":"/images/learn.png","status":"304","res":"- bytes","response-time":"0.553 ms"}
{"method":"GET","url":"/images/feedback.png","status":"304","res":"- bytes","response-time":"1.176 ms"}
{"method":"GET","url":"/images/maths.png","status":"304","res":"- bytes","response-time":"3.497 ms"}
{"method":"GET","url":"/images/history.png","status":"304","res":"- bytes","response-time":"1.123 ms"}
{"method":"GET","url":"/images/science.png","status":"304","res":"- bytes","response-time":"2.139 ms"}
{"method":"GET","url":"/images/geog.png","status":"304","res":"- bytes","response-time":"4.269 ms"}
{"method":"GET","url":"/images/Art.png","status":"304","res":"- bytes","response-time":"7.985 ms"}
{"method":"GET","url":"/images/eng.png","status":"304","res":"- bytes","response-time":"0.724 ms"}
{"method":"GET","url":"/images/hindi.png","status":"304","res":"- bytes","response-time":"1.844 ms"}
{"method":"GET","url":"/images/marathi.png","status":"304","res":"- bytes","response-time":"1.957 ms"}
{"method":"GET","url":"/images/fees.png","status":"304","res":"- bytes","response-time":"1.210 ms"}
{"method":"GET","url":"/images/tutor.png","status":"304","res":"- bytes","response-time":"1.677 ms"}
{"method":"GET","url":"/images/review.png","status":"304","res":"- bytes","response-time":"1.540 ms"}
{"method":"GET","url":"/images/online.png","status":"304","res":"- bytes","response-time":"0.970 ms"}
{"method":"GET","url":"/images/group.png","status":"304","res":"- bytes","response-time":"0.545 ms"}
{"method":"GET","url":"/images/home.png","status":"304","res":"- bytes","response-time":"0.698 ms"}
{"method":"GET","url":"/","status":"200","res":"37952 bytes","response-time":"20.639 ms"}
{"method":"GET","url":"/stylesheets/style.css","status":"304","res":"- bytes","response-time":"1.807 ms"}
{"method":"GET","url":"/stylesheets/requirement-modal.css","status":"304","res":"- bytes","response-time":"1.796 ms"}
{"method":"GET","url":"/images/download.png","status":"304","res":"- bytes","response-time":"1.175 ms"}
{"method":"GET","url":"/images/register.png","status":"304","res":"- bytes","response-time":"1.062 ms"}
{"method":"GET","url":"/javascripts/script.js","status":"304","res":"- bytes","response-time":"0.748 ms"}
{"method":"GET","url":"/javascripts/requirement-modal.js","status":"304","res":"- bytes","response-time":"1.028 ms"}
{"method":"GET","url":"/images/search.png","status":"304","res":"- bytes","response-time":"1.003 ms"}
{"method":"GET","url":"/images/demo.png","status":"304","res":"- bytes","response-time":"1.166 ms"}
{"method":"GET","url":"/images/learn.png","status":"304","res":"- bytes","response-time":"1.194 ms"}
{"method":"GET","url":"/images/feedback.png","status":"304","res":"- bytes","response-time":"0.941 ms"}
{"method":"GET","url":"/images/maths.png","status":"304","res":"- bytes","response-time":"0.826 ms"}
{"method":"GET","url":"/images/Art.png","status":"304","res":"- bytes","response-time":"0.855 ms"}
{"method":"GET","url":"/images/geog.png","status":"304","res":"- bytes","response-time":"0.567 ms"}
{"method":"GET","url":"/images/history.png","status":"304","res":"- bytes","response-time":"0.523 ms"}
{"method":"GET","url":"/images/science.png","status":"304","res":"- bytes","response-time":"0.624 ms"}
{"method":"GET","url":"/images/hindi.png","status":"304","res":"- bytes","response-time":"0.596 ms"}
{"method":"GET","url":"/images/eng.png","status":"304","res":"- bytes","response-time":"2.799 ms"}
{"method":"GET","url":"/images/marathi.png","status":"304","res":"- bytes","response-time":"1.724 ms"}
{"method":"GET","url":"/images/fees.png","status":"304","res":"- bytes","response-time":"2.686 ms"}
{"method":"GET","url":"/images/tutor.png","status":"304","res":"- bytes","response-time":"2.941 ms"}
{"method":"GET","url":"/images/review.png","status":"304","res":"- bytes","response-time":"0.655 ms"}
{"method":"GET","url":"/images/online.png","status":"304","res":"- bytes","response-time":"0.814 ms"}
{"method":"GET","url":"/images/group.png","status":"304","res":"- bytes","response-time":"0.896 ms"}
{"method":"GET","url":"/images/home.png","status":"304","res":"- bytes","response-time":"2.336 ms"}
{"method":"GET","url":"/","status":"304","res":"- bytes","response-time":"31.028 ms"}
{"method":"GET","url":"/stylesheets/style.css","status":"304","res":"- bytes","response-time":"1.402 ms"}
{"method":"GET","url":"/stylesheets/requirement-modal.css","status":"304","res":"- bytes","response-time":"0.949 ms"}
{"method":"GET","url":"/images/download.png","status":"304","res":"- bytes","response-time":"4.909 ms"}
{"method":"GET","url":"/images/register.png","status":"304","res":"- bytes","response-time":"1.510 ms"}
{"method":"GET","url":"/javascripts/script.js","status":"304","res":"- bytes","response-time":"2.993 ms"}
{"method":"GET","url":"/javascripts/requirement-modal.js","status":"304","res":"- bytes","response-time":"0.717 ms"}
{"method":"GET","url":"/images/search.png","status":"304","res":"- bytes","response-time":"1.270 ms"}
{"method":"GET","url":"/images/demo.png","status":"304","res":"- bytes","response-time":"1.382 ms"}
{"method":"GET","url":"/images/learn.png","status":"304","res":"- bytes","response-time":"1.390 ms"}
{"method":"GET","url":"/images/feedback.png","status":"304","res":"- bytes","response-time":"0.508 ms"}
{"method":"GET","url":"/images/maths.png","status":"304","res":"- bytes","response-time":"0.911 ms"}
{"method":"GET","url":"/images/Art.png","status":"304","res":"- bytes","response-time":"0.966 ms"}
{"method":"GET","url":"/images/geog.png","status":"304","res":"- bytes","response-time":"1.267 ms"}
{"method":"GET","url":"/images/history.png","status":"304","res":"- bytes","response-time":"1.314 ms"}
{"method":"GET","url":"/images/science.png","status":"304","res":"- bytes","response-time":"1.849 ms"}
{"method":"GET","url":"/images/hindi.png","status":"304","res":"- bytes","response-time":"1.415 ms"}
{"method":"GET","url":"/images/eng.png","status":"304","res":"- bytes","response-time":"0.925 ms"}
{"method":"GET","url":"/images/marathi.png","status":"304","res":"- bytes","response-time":"0.839 ms"}
{"method":"GET","url":"/images/fees.png","status":"304","res":"- bytes","response-time":"0.725 ms"}
{"method":"GET","url":"/images/tutor.png","status":"304","res":"- bytes","response-time":"0.617 ms"}
{"method":"GET","url":"/images/review.png","status":"304","res":"- bytes","response-time":"2.033 ms"}
{"method":"GET","url":"/images/online.png","status":"304","res":"- bytes","response-time":"1.334 ms"}
{"method":"GET","url":"/images/group.png","status":"304","res":"- bytes","response-time":"1.935 ms"}
{"method":"GET","url":"/images/home.png","status":"304","res":"- bytes","response-time":"3.844 ms"}
{"method":"GET","url":"/","status":"200","res":"37950 bytes","response-time":"25.444 ms"}
{"method":"GET","url":"/stylesheets/style.css","status":"304","res":"- bytes","response-time":"0.946 ms"}
{"method":"GET","url":"/stylesheets/requirement-modal.css","status":"304","res":"- bytes","response-time":"1.252 ms"}
{"method":"GET","url":"/images/download.png","status":"304","res":"- bytes","response-time":"1.070 ms"}
{"method":"GET","url":"/images/register.png","status":"304","res":"- bytes","response-time":"2.450 ms"}
{"method":"GET","url":"/javascripts/script.js","status":"304","res":"- bytes","response-time":"0.661 ms"}
{"method":"GET","url":"/javascripts/requirement-modal.js","status":"304","res":"- bytes","response-time":"0.691 ms"}
{"method":"GET","url":"/images/search.png","status":"304","res":"- bytes","response-time":"0.661 ms"}
{"method":"GET","url":"/images/demo.png","status":"304","res":"- bytes","response-time":"0.484 ms"}
{"method":"GET","url":"/images/learn.png","status":"304","res":"- bytes","response-time":"0.631 ms"}
{"method":"GET","url":"/images/feedback.png","status":"304","res":"- bytes","response-time":"3.812 ms"}
{"method":"GET","url":"/images/maths.png","status":"304","res":"- bytes","response-time":"2.019 ms"}
{"method":"GET","url":"/images/geog.png","status":"304","res":"- bytes","response-time":"1.402 ms"}
{"method":"GET","url":"/images/Art.png","status":"304","res":"- bytes","response-time":"2.619 ms"}
{"method":"GET","url":"/images/history.png","status":"304","res":"- bytes","response-time":"2.062 ms"}
{"method":"GET","url":"/images/science.png","status":"304","res":"- bytes","response-time":"0.760 ms"}
{"method":"GET","url":"/images/hindi.png","status":"304","res":"- bytes","response-time":"0.835 ms"}
{"method":"GET","url":"/images/eng.png","status":"304","res":"- bytes","response-time":"0.875 ms"}
{"method":"GET","url":"/images/marathi.png","status":"304","res":"- bytes","response-time":"0.556 ms"}
{"method":"GET","url":"/images/fees.png","status":"304","res":"- bytes","response-time":"1.326 ms"}
{"method":"GET","url":"/images/tutor.png","status":"304","res":"- bytes","response-time":"1.514 ms"}
{"method":"GET","url":"/images/review.png","status":"304","res":"- bytes","response-time":"1.569 ms"}
{"method":"GET","url":"/images/online.png","status":"304","res":"- bytes","response-time":"2.765 ms"}
{"method":"GET","url":"/images/group.png","status":"304","res":"- bytes","response-time":"1.094 ms"}
{"method":"GET","url":"/images/home.png","status":"304","res":"- bytes","response-time":"1.056 ms"}
{"method":"GET","url":"/","status":"200","res":"38065 bytes","response-time":"23.065 ms"}
{"method":"GET","url":"/stylesheets/style.css","status":"304","res":"- bytes","response-time":"1.743 ms"}
{"method":"GET","url":"/stylesheets/requirement-modal.css","status":"304","res":"- bytes","response-time":"1.112 ms"}
{"method":"GET","url":"/images/download.png","status":"304","res":"- bytes","response-time":"0.979 ms"}
{"method":"GET","url":"/images/register.png","status":"304","res":"- bytes","response-time":"1.438 ms"}
{"method":"GET","url":"/javascripts/script.js","status":"304","res":"- bytes","response-time":"0.847 ms"}
{"method":"GET","url":"/javascripts/requirement-modal.js","status":"304","res":"- bytes","response-time":"1.219 ms"}
{"method":"GET","url":"/images/search.png","status":"304","res":"- bytes","response-time":"0.543 ms"}
{"method":"GET","url":"/images/demo.png","status":"304","res":"- bytes","response-time":"1.157 ms"}
{"method":"GET","url":"/images/learn.png","status":"304","res":"- bytes","response-time":"3.401 ms"}
{"method":"GET","url":"/images/feedback.png","status":"304","res":"- bytes","response-time":"0.591 ms"}
{"method":"GET","url":"/images/maths.png","status":"304","res":"- bytes","response-time":"0.472 ms"}
{"method":"GET","url":"/images/geog.png","status":"304","res":"- bytes","response-time":"0.615 ms"}
{"method":"GET","url":"/images/Art.png","status":"304","res":"- bytes","response-time":"1.574 ms"}
{"method":"GET","url":"/images/history.png","status":"304","res":"- bytes","response-time":"1.242 ms"}
{"method":"GET","url":"/images/science.png","status":"304","res":"- bytes","response-time":"0.529 ms"}
{"method":"GET","url":"/images/hindi.png","status":"304","res":"- bytes","response-time":"1.360 ms"}
{"method":"GET","url":"/images/eng.png","status":"304","res":"- bytes","response-time":"1.115 ms"}
{"method":"GET","url":"/images/marathi.png","status":"304","res":"- bytes","response-time":"0.879 ms"}
{"method":"GET","url":"/images/fees.png","status":"304","res":"- bytes","response-time":"0.963 ms"}
{"method":"GET","url":"/images/tutor.png","status":"304","res":"- bytes","response-time":"0.561 ms"}
{"method":"GET","url":"/images/review.png","status":"304","res":"- bytes","response-time":"0.547 ms"}
{"method":"GET","url":"/images/online.png","status":"304","res":"- bytes","response-time":"0.564 ms"}
{"method":"GET","url":"/images/group.png","status":"304","res":"- bytes","response-time":"0.804 ms"}
{"method":"GET","url":"/images/home.png","status":"304","res":"- bytes","response-time":"0.837 ms"}
{"method":"GET","url":"/","status":"200","res":"38063 bytes","response-time":"19.564 ms"}
{"method":"GET","url":"/stylesheets/style.css","status":"304","res":"- bytes","response-time":"0.526 ms"}
{"method":"GET","url":"/stylesheets/requirement-modal.css","status":"304","res":"- bytes","response-time":"0.733 ms"}
{"method":"GET","url":"/images/download.png","status":"304","res":"- bytes","response-time":"3.526 ms"}
{"method":"GET","url":"/images/register.png","status":"304","res":"- bytes","response-time":"2.455 ms"}
{"method":"GET","url":"/javascripts/script.js","status":"304","res":"- bytes","response-time":"1.149 ms"}
{"method":"GET","url":"/javascripts/requirement-modal.js","status":"304","res":"- bytes","response-time":"1.076 ms"}
{"method":"GET","url":"/images/find.png","status":"200","res":"2258 bytes","response-time":"1.630 ms"}
{"method":"GET","url":"/images/demo.png","status":"304","res":"- bytes","response-time":"1.699 ms"}
{"method":"GET","url":"/images/learn.png","status":"304","res":"- bytes","response-time":"0.944 ms"}
{"method":"GET","url":"/images/feedback.png","status":"304","res":"- bytes","response-time":"1.020 ms"}
{"method":"GET","url":"/images/maths.png","status":"304","res":"- bytes","response-time":"0.558 ms"}
{"method":"GET","url":"/images/Art.png","status":"304","res":"- bytes","response-time":"4.347 ms"}
{"method":"GET","url":"/images/geog.png","status":"304","res":"- bytes","response-time":"1.617 ms"}
{"method":"GET","url":"/images/history.png","status":"304","res":"- bytes","response-time":"0.937 ms"}
{"method":"GET","url":"/images/science.png","status":"304","res":"- bytes","response-time":"0.635 ms"}
{"method":"GET","url":"/images/hindi.png","status":"304","res":"- bytes","response-time":"0.588 ms"}
{"method":"GET","url":"/images/eng.png","status":"304","res":"- bytes","response-time":"0.974 ms"}
{"method":"GET","url":"/images/marathi.png","status":"304","res":"- bytes","response-time":"2.663 ms"}
{"method":"GET","url":"/images/fees.png","status":"304","res":"- bytes","response-time":"2.223 ms"}
{"method":"GET","url":"/images/tutor.png","status":"304","res":"- bytes","response-time":"0.968 ms"}
{"method":"GET","url":"/images/online.png","status":"304","res":"- bytes","response-time":"1.004 ms"}
{"method":"GET","url":"/images/review.png","status":"304","res":"- bytes","response-time":"2.292 ms"}
{"method":"GET","url":"/images/group.png","status":"304","res":"- bytes","response-time":"0.891 ms"}
{"method":"GET","url":"/images/home.png","status":"304","res":"- bytes","response-time":"0.907 ms"}
{"method":"GET","url":"/","status":"200","res":"38063 bytes","response-time":"21.636 ms"}
{"method":"GET","url":"/stylesheets/style.css","status":"304","res":"- bytes","response-time":"0.776 ms"}
{"method":"GET","url":"/stylesheets/requirement-modal.css","status":"304","res":"- bytes","response-time":"1.409 ms"}
{"method":"GET","url":"/images/download.png","status":"304","res":"- bytes","response-time":"0.512 ms"}
{"method":"GET","url":"/images/register.png","status":"304","res":"- bytes","response-time":"0.641 ms"}
{"method":"GET","url":"/javascripts/script.js","status":"304","res":"- bytes","response-time":"0.685 ms"}
{"method":"GET","url":"/javascripts/requirement-modal.js","status":"304","res":"- bytes","response-time":"0.787 ms"}
{"method":"GET","url":"/images/find.png","status":"304","res":"- bytes","response-time":"0.689 ms"}
{"method":"GET","url":"/images/demo.png","status":"304","res":"- bytes","response-time":"1.201 ms"}
{"method":"GET","url":"/images/feedback.png","status":"304","res":"- bytes","response-time":"2.761 ms"}
{"method":"GET","url":"/images/maths.png","status":"304","res":"- bytes","response-time":"2.842 ms"}
{"method":"GET","url":"/images/teach.png","status":"200","res":"2467 bytes","response-time":"4.896 ms"}
{"method":"GET","url":"/images/Art.png","status":"304","res":"- bytes","response-time":"1.573 ms"}
{"method":"GET","url":"/images/geog.png","status":"304","res":"- bytes","response-time":"0.882 ms"}
{"method":"GET","url":"/images/history.png","status":"304","res":"- bytes","response-time":"1.183 ms"}
{"method":"GET","url":"/images/science.png","status":"304","res":"- bytes","response-time":"0.852 ms"}
{"method":"GET","url":"/images/hindi.png","status":"304","res":"- bytes","response-time":"2.495 ms"}
{"method":"GET","url":"/images/eng.png","status":"304","res":"- bytes","response-time":"2.770 ms"}
{"method":"GET","url":"/images/marathi.png","status":"304","res":"- bytes","response-time":"2.824 ms"}
{"method":"GET","url":"/images/fees.png","status":"304","res":"- bytes","response-time":"0.625 ms"}
{"method":"GET","url":"/images/tutor.png","status":"304","res":"- bytes","response-time":"0.663 ms"}
{"method":"GET","url":"/images/review.png","status":"304","res":"- bytes","response-time":"0.670 ms"}
{"method":"GET","url":"/images/online.png","status":"304","res":"- bytes","response-time":"1.840 ms"}
{"method":"GET","url":"/images/group.png","status":"304","res":"- bytes","response-time":"1.953 ms"}
{"method":"GET","url":"/images/home.png","status":"304","res":"- bytes","response-time":"2.228 ms"}
{"method":"GET","url":"/","status":"200","res":"38051 bytes","response-time":"25.364 ms"}
{"method":"GET","url":"/stylesheets/style.css","status":"304","res":"- bytes","response-time":"1.570 ms"}
{"method":"GET","url":"/stylesheets/requirement-modal.css","status":"304","res":"- bytes","response-time":"0.986 ms"}
{"method":"GET","url":"/images/download.png","status":"304","res":"- bytes","response-time":"2.146 ms"}
{"method":"GET","url":"/images/register.png","status":"304","res":"- bytes","response-time":"0.940 ms"}
{"method":"GET","url":"/javascripts/script.js","status":"304","res":"- bytes","response-time":"0.891 ms"}
{"method":"GET","url":"/javascripts/requirement-modal.js","status":"304","res":"- bytes","response-time":"0.893 ms"}
{"method":"GET","url":"/images/find.png","status":"304","res":"- bytes","response-time":"0.937 ms"}
{"method":"GET","url":"/images/demo.png","status":"304","res":"- bytes","response-time":"0.855 ms"}
{"method":"GET","url":"/images/teach.png","status":"304","res":"- bytes","response-time":"0.536 ms"}
{"method":"GET","url":"/images/feedback.png","status":"304","res":"- bytes","response-time":"0.617 ms"}
{"method":"GET","url":"/images/maths.png","status":"304","res":"- bytes","response-time":"4.949 ms"}
{"method":"GET","url":"/images/Art.png","status":"304","res":"- bytes","response-time":"4.704 ms"}
{"method":"GET","url":"/images/geog.png","status":"304","res":"- bytes","response-time":"1.214 ms"}
{"method":"GET","url":"/images/history.png","status":"304","res":"- bytes","response-time":"1.655 ms"}
{"method":"GET","url":"/images/science.png","status":"304","res":"- bytes","response-time":"1.837 ms"}
{"method":"GET","url":"/images/hindi.png","status":"304","res":"- bytes","response-time":"1.684 ms"}
{"method":"GET","url":"/images/eng.png","status":"304","res":"- bytes","response-time":"0.799 ms"}
{"method":"GET","url":"/images/marathi.png","status":"304","res":"- bytes","response-time":"0.848 ms"}
{"method":"GET","url":"/images/fees.png","status":"304","res":"- bytes","response-time":"0.890 ms"}
{"method":"GET","url":"/images/tutor.png","status":"304","res":"- bytes","response-time":"1.644 ms"}
{"method":"GET","url":"/images/review.png","status":"304","res":"- bytes","response-time":"1.269 ms"}
{"method":"GET","url":"/images/online.png","status":"304","res":"- bytes","response-time":"0.597 ms"}
{"method":"GET","url":"/images/group.png","status":"304","res":"- bytes","response-time":"0.851 ms"}
{"method":"GET","url":"/images/home.png","status":"304","res":"- bytes","response-time":"1.487 ms"}
{"method":"GET","url":"/","status":"200","res":"38047 bytes","response-time":"27.777 ms"}
{"method":"GET","url":"/stylesheets/style.css","status":"304","res":"- bytes","response-time":"0.852 ms"}
{"method":"GET","url":"/stylesheets/requirement-modal.css","status":"304","res":"- bytes","response-time":"0.946 ms"}
{"method":"GET","url":"/images/download.png","status":"304","res":"- bytes","response-time":"3.520 ms"}
{"method":"GET","url":"/images/register.png","status":"304","res":"- bytes","response-time":"1.449 ms"}
{"method":"GET","url":"/javascripts/script.js","status":"304","res":"- bytes","response-time":"0.883 ms"}
{"method":"GET","url":"/javascripts/requirement-modal.js","status":"304","res":"- bytes","response-time":"1.217 ms"}
{"method":"GET","url":"/images/find.png","status":"304","res":"- bytes","response-time":"1.001 ms"}
{"method":"GET","url":"/images/demo.png","status":"304","res":"- bytes","response-time":"0.758 ms"}
{"method":"GET","url":"/images/teach.png","status":"304","res":"- bytes","response-time":"0.846 ms"}
{"method":"GET","url":"/images/feedback.png","status":"304","res":"- bytes","response-time":"0.972 ms"}
{"method":"GET","url":"/images/maths.png","status":"304","res":"- bytes","response-time":"0.541 ms"}
{"method":"GET","url":"/images/Art.png","status":"304","res":"- bytes","response-time":"2.191 ms"}
{"method":"GET","url":"/images/geog.png","status":"304","res":"- bytes","response-time":"1.224 ms"}
{"method":"GET","url":"/images/history.png","status":"304","res":"- bytes","response-time":"1.642 ms"}
{"method":"GET","url":"/images/science.png","status":"304","res":"- bytes","response-time":"0.857 ms"}
{"method":"GET","url":"/images/hindi.png","status":"304","res":"- bytes","response-time":"0.487 ms"}
{"method":"GET","url":"/images/eng.png","status":"304","res":"- bytes","response-time":"0.684 ms"}
{"method":"GET","url":"/images/marathi.png","status":"304","res":"- bytes","response-time":"1.480 ms"}
{"method":"GET","url":"/images/fees.png","status":"304","res":"- bytes","response-time":"1.171 ms"}
{"method":"GET","url":"/images/tutor.png","status":"304","res":"- bytes","response-time":"1.647 ms"}
{"method":"GET","url":"/images/review.png","status":"304","res":"- bytes","response-time":"2.154 ms"}
{"method":"GET","url":"/images/online.png","status":"304","res":"- bytes","response-time":"1.475 ms"}
{"method":"GET","url":"/images/group.png","status":"304","res":"- bytes","response-time":"0.698 ms"}
{"method":"GET","url":"/images/home.png","status":"304","res":"- bytes","response-time":"0.736 ms"}
{"method":"GET","url":"/","status":"200","res":"38030 bytes","response-time":"34.409 ms"}
{"method":"GET","url":"/stylesheets/style.css","status":"304","res":"- bytes","response-time":"0.882 ms"}
{"method":"GET","url":"/stylesheets/requirement-modal.css","status":"304","res":"- bytes","response-time":"0.956 ms"}
{"method":"GET","url":"/images/download.png","status":"304","res":"- bytes","response-time":"2.208 ms"}
{"method":"GET","url":"/images/register.png","status":"304","res":"- bytes","response-time":"1.291 ms"}
{"method":"GET","url":"/javascripts/script.js","status":"304","res":"- bytes","response-time":"0.574 ms"}
{"method":"GET","url":"/javascripts/requirement-modal.js","status":"304","res":"- bytes","response-time":"0.592 ms"}
{"method":"GET","url":"/images/find.png","status":"304","res":"- bytes","response-time":"1.247 ms"}
{"method":"GET","url":"/images/demo.png","status":"304","res":"- bytes","response-time":"0.817 ms"}
{"method":"GET","url":"/images/teach.png","status":"304","res":"- bytes","response-time":"0.884 ms"}
{"method":"GET","url":"/images/feedback.png","status":"304","res":"- bytes","response-time":"1.241 ms"}
{"method":"GET","url":"/images/maths.png","status":"304","res":"- bytes","response-time":"1.263 ms"}
{"method":"GET","url":"/images/Art.png","status":"304","res":"- bytes","response-time":"1.247 ms"}
{"method":"GET","url":"/images/geog.png","status":"304","res":"- bytes","response-time":"1.780 ms"}
{"method":"GET","url":"/images/history.png","status":"304","res":"- bytes","response-time":"1.371 ms"}
{"method":"GET","url":"/images/science.png","status":"304","res":"- bytes","response-time":"0.872 ms"}
{"method":"GET","url":"/images/hindi.png","status":"304","res":"- bytes","response-time":"0.658 ms"}
{"method":"GET","url":"/images/marathi.png","status":"304","res":"- bytes","response-time":"0.881 ms"}
{"method":"GET","url":"/images/eng.png","status":"304","res":"- bytes","response-time":"1.001 ms"}
{"method":"GET","url":"/images/fees.png","status":"304","res":"- bytes","response-time":"1.071 ms"}
{"method":"GET","url":"/images/tutor.png","status":"304","res":"- bytes","response-time":"0.749 ms"}
{"method":"GET","url":"/images/review.png","status":"304","res":"- bytes","response-time":"0.876 ms"}
{"method":"GET","url":"/images/online.png","status":"304","res":"- bytes","response-time":"0.599 ms"}
{"method":"GET","url":"/images/group.png","status":"304","res":"- bytes","response-time":"0.509 ms"}
{"method":"GET","url":"/images/home.png","status":"304","res":"- bytes","response-time":"0.492 ms"}
{"method":"GET","url":"/","status":"304","res":"- bytes","response-time":"23.275 ms"}
{"method":"GET","url":"/stylesheets/style.css","status":"304","res":"- bytes","response-time":"0.930 ms"}
{"method":"GET","url":"/stylesheets/requirement-modal.css","status":"304","res":"- bytes","response-time":"0.652 ms"}
{"method":"GET","url":"/images/download.png","status":"304","res":"- bytes","response-time":"0.871 ms"}
{"method":"GET","url":"/images/register.png","status":"304","res":"- bytes","response-time":"0.514 ms"}
{"method":"GET","url":"/javascripts/script.js","status":"304","res":"- bytes","response-time":"2.260 ms"}
{"method":"GET","url":"/javascripts/requirement-modal.js","status":"304","res":"- bytes","response-time":"0.530 ms"}
{"method":"GET","url":"/images/find.png","status":"304","res":"- bytes","response-time":"0.615 ms"}
{"method":"GET","url":"/images/demo.png","status":"304","res":"- bytes","response-time":"0.915 ms"}
{"method":"GET","url":"/images/teach.png","status":"304","res":"- bytes","response-time":"0.864 ms"}
{"method":"GET","url":"/images/maths.png","status":"304","res":"- bytes","response-time":"1.816 ms"}
{"method":"GET","url":"/images/Art.png","status":"304","res":"- bytes","response-time":"1.965 ms"}
{"method":"GET","url":"/images/geog.png","status":"304","res":"- bytes","response-time":"0.581 ms"}
{"method":"GET","url":"/images/feedback.png","status":"304","res":"- bytes","response-time":"9.321 ms"}
{"method":"GET","url":"/images/history.png","status":"304","res":"- bytes","response-time":"0.577 ms"}
{"method":"GET","url":"/images/science.png","status":"304","res":"- bytes","response-time":"0.704 ms"}
{"method":"GET","url":"/images/hindi.png","status":"304","res":"- bytes","response-time":"0.756 ms"}
{"method":"GET","url":"/images/marathi.png","status":"304","res":"- bytes","response-time":"0.817 ms"}
{"method":"GET","url":"/images/eng.png","status":"304","res":"- bytes","response-time":"4.221 ms"}
{"method":"GET","url":"/images/fees.png","status":"304","res":"- bytes","response-time":"0.774 ms"}
{"method":"GET","url":"/images/tutor.png","status":"304","res":"- bytes","response-time":"0.939 ms"}
{"method":"GET","url":"/images/review.png","status":"304","res":"- bytes","response-time":"0.608 ms"}
{"method":"GET","url":"/images/online.png","status":"304","res":"- bytes","response-time":"0.588 ms"}
{"method":"GET","url":"/images/group.png","status":"304","res":"- bytes","response-time":"0.530 ms"}
{"method":"GET","url":"/images/home.png","status":"304","res":"- bytes","response-time":"0.576 ms"}
{"method":"GET","url":"/","status":"304","res":"- bytes","response-time":"15.942 ms"}
{"method":"GET","url":"/stylesheets/style.css","status":"304","res":"- bytes","response-time":"1.152 ms"}
{"method":"GET","url":"/stylesheets/requirement-modal.css","status":"304","res":"- bytes","response-time":"1.245 ms"}
{"method":"GET","url":"/images/download.png","status":"304","res":"- bytes","response-time":"0.772 ms"}
{"method":"GET","url":"/images/register.png","status":"304","res":"- bytes","response-time":"1.405 ms"}
{"method":"GET","url":"/javascripts/script.js","status":"304","res":"- bytes","response-time":"1.068 ms"}
{"method":"GET","url":"/javascripts/requirement-modal.js","status":"304","res":"- bytes","response-time":"1.105 ms"}
{"method":"GET","url":"/","status":"304","res":"- bytes","response-time":"21.631 ms"}
{"method":"GET","url":"/images/find.png","status":"304","res":"- bytes","response-time":"0.817 ms"}
{"method":"GET","url":"/images/demo.png","status":"304","res":"- bytes","response-time":"0.887 ms"}
{"method":"GET","url":"/images/teach.png","status":"304","res":"- bytes","response-time":"1.168 ms"}
{"method":"GET","url":"/images/feedback.png","status":"304","res":"- bytes","response-time":"1.240 ms"}
{"method":"GET","url":"/images/maths.png","status":"304","res":"- bytes","response-time":"0.597 ms"}
{"method":"GET","url":"/images/Art.png","status":"304","res":"- bytes","response-time":"0.545 ms"}
{"method":"GET","url":"/images/geog.png","status":"304","res":"- bytes","response-time":"0.552 ms"}
{"method":"GET","url":"/images/history.png","status":"304","res":"- bytes","response-time":"0.634 ms"}
{"method":"GET","url":"/images/science.png","status":"304","res":"- bytes","response-time":"0.759 ms"}
{"method":"GET","url":"/images/hindi.png","status":"304","res":"- bytes","response-time":"1.617 ms"}
{"method":"GET","url":"/images/eng.png","status":"304","res":"- bytes","response-time":"1.263 ms"}
{"method":"GET","url":"/images/marathi.png","status":"304","res":"- bytes","response-time":"2.499 ms"}
{"method":"GET","url":"/images/fees.png","status":"304","res":"- bytes","response-time":"2.502 ms"}
{"method":"GET","url":"/images/tutor.png","status":"304","res":"- bytes","response-time":"0.704 ms"}
{"method":"GET","url":"/images/review.png","status":"304","res":"- bytes","response-time":"2.090 ms"}
{"method":"GET","url":"/images/online.png","status":"304","res":"- bytes","response-time":"1.241 ms"}
{"method":"GET","url":"/images/group.png","status":"304","res":"- bytes","response-time":"1.583 ms"}
{"method":"GET","url":"/images/home.png","status":"304","res":"- bytes","response-time":"0.871 ms"}
{"method":"GET","url":"/stylesheets/style.css","status":"304","res":"- bytes","response-time":"1.194 ms"}
{"method":"GET","url":"/stylesheets/requirement-modal.css","status":"304","res":"- bytes","response-time":"1.136 ms"}
{"method":"GET","url":"/images/download.png","status":"304","res":"- bytes","response-time":"1.743 ms"}
{"method":"GET","url":"/images/register.png","status":"304","res":"- bytes","response-time":"1.073 ms"}
{"method":"GET","url":"/javascripts/script.js","status":"304","res":"- bytes","response-time":"2.865 ms"}
{"method":"GET","url":"/javascripts/requirement-modal.js","status":"304","res":"- bytes","response-time":"1.063 ms"}
{"method":"GET","url":"/images/find.png","status":"304","res":"- bytes","response-time":"2.151 ms"}
{"method":"GET","url":"/images/demo.png","status":"304","res":"- bytes","response-time":"1.251 ms"}
{"method":"GET","url":"/images/teach.png","status":"304","res":"- bytes","response-time":"1.623 ms"}
{"method":"GET","url":"/images/feedback.png","status":"304","res":"- bytes","response-time":"1.259 ms"}
{"method":"GET","url":"/images/maths.png","status":"304","res":"- bytes","response-time":"0.884 ms"}
{"method":"GET","url":"/images/Art.png","status":"304","res":"- bytes","response-time":"0.870 ms"}
{"method":"GET","url":"/images/geog.png","status":"304","res":"- bytes","response-time":"0.750 ms"}
{"method":"GET","url":"/images/history.png","status":"304","res":"- bytes","response-time":"0.878 ms"}
{"method":"GET","url":"/images/science.png","status":"304","res":"- bytes","response-time":"0.610 ms"}
{"method":"GET","url":"/images/hindi.png","status":"304","res":"- bytes","response-time":"0.930 ms"}
{"method":"GET","url":"/images/eng.png","status":"304","res":"- bytes","response-time":"1.880 ms"}
{"method":"GET","url":"/images/marathi.png","status":"304","res":"- bytes","response-time":"0.854 ms"}
{"method":"GET","url":"/images/fees.png","status":"304","res":"- bytes","response-time":"0.925 ms"}
{"method":"GET","url":"/images/tutor.png","status":"304","res":"- bytes","response-time":"1.334 ms"}
{"method":"GET","url":"/images/review.png","status":"304","res":"- bytes","response-time":"3.624 ms"}
{"method":"GET","url":"/images/online.png","status":"304","res":"- bytes","response-time":"0.811 ms"}
{"method":"GET","url":"/images/group.png","status":"304","res":"- bytes","response-time":"0.892 ms"}
{"method":"GET","url":"/images/home.png","status":"304","res":"- bytes","response-time":"1.824 ms"}
{"method":"GET","url":"/","status":"304","res":"- bytes","response-time":"16.202 ms"}
{"method":"GET","url":"/stylesheets/style.css","status":"304","res":"- bytes","response-time":"1.169 ms"}
{"method":"GET","url":"/stylesheets/requirement-modal.css","status":"304","res":"- bytes","response-time":"1.255 ms"}
{"method":"GET","url":"/images/download.png","status":"304","res":"- bytes","response-time":"1.710 ms"}
{"method":"GET","url":"/images/register.png","status":"304","res":"- bytes","response-time":"0.840 ms"}
{"method":"GET","url":"/javascripts/script.js","status":"304","res":"- bytes","response-time":"3.373 ms"}
{"method":"GET","url":"/javascripts/requirement-modal.js","status":"304","res":"- bytes","response-time":"2.886 ms"}
{"method":"GET","url":"/images/find.png","status":"304","res":"- bytes","response-time":"1.653 ms"}
{"method":"GET","url":"/images/teach.png","status":"304","res":"- bytes","response-time":"1.280 ms"}
{"method":"GET","url":"/images/demo.png","status":"304","res":"- bytes","response-time":"2.304 ms"}
{"method":"GET","url":"/images/feedback.png","status":"304","res":"- bytes","response-time":"4.840 ms"}
{"method":"GET","url":"/images/maths.png","status":"304","res":"- bytes","response-time":"3.068 ms"}
{"method":"GET","url":"/images/Art.png","status":"304","res":"- bytes","response-time":"2.400 ms"}
{"method":"GET","url":"/images/geog.png","status":"304","res":"- bytes","response-time":"1.269 ms"}
{"method":"GET","url":"/images/history.png","status":"304","res":"- bytes","response-time":"1.698 ms"}
{"method":"GET","url":"/images/science.png","status":"304","res":"- bytes","response-time":"3.815 ms"}
{"method":"GET","url":"/images/hindi.png","status":"304","res":"- bytes","response-time":"0.548 ms"}
{"method":"GET","url":"/images/marathi.png","status":"304","res":"- bytes","response-time":"0.747 ms"}
{"method":"GET","url":"/images/eng.png","status":"304","res":"- bytes","response-time":"1.919 ms"}
{"method":"GET","url":"/images/fees.png","status":"304","res":"- bytes","response-time":"0.800 ms"}
{"method":"GET","url":"/images/tutor.png","status":"304","res":"- bytes","response-time":"1.246 ms"}
{"method":"GET","url":"/images/review.png","status":"304","res":"- bytes","response-time":"1.379 ms"}
{"method":"GET","url":"/images/online.png","status":"304","res":"- bytes","response-time":"2.817 ms"}
{"method":"GET","url":"/images/group.png","status":"304","res":"- bytes","response-time":"0.535 ms"}
{"method":"GET","url":"/images/home.png","status":"304","res":"- bytes","response-time":"0.985 ms"}
{"method":"GET","url":"/","status":"304","res":"- bytes","response-time":"18.144 ms"}
{"method":"GET","url":"/stylesheets/style.css","status":"304","res":"- bytes","response-time":"4.160 ms"}
{"method":"GET","url":"/stylesheets/requirement-modal.css","status":"304","res":"- bytes","response-time":"3.806 ms"}
{"method":"GET","url":"/images/download.png","status":"304","res":"- bytes","response-time":"3.399 ms"}
{"method":"GET","url":"/images/register.png","status":"304","res":"- bytes","response-time":"4.172 ms"}
{"method":"GET","url":"/javascripts/script.js","status":"304","res":"- bytes","response-time":"4.617 ms"}
{"method":"GET","url":"/javascripts/requirement-modal.js","status":"304","res":"- bytes","response-time":"4.479 ms"}
{"method":"GET","url":"/images/find.png","status":"304","res":"- bytes","response-time":"3.056 ms"}
{"method":"GET","url":"/images/demo.png","status":"304","res":"- bytes","response-time":"10.144 ms"}
{"method":"GET","url":"/images/teach.png","status":"304","res":"- bytes","response-time":"3.771 ms"}
{"method":"GET","url":"/images/feedback.png","status":"304","res":"- bytes","response-time":"3.657 ms"}
{"method":"GET","url":"/images/maths.png","status":"304","res":"- bytes","response-time":"2.098 ms"}
{"method":"GET","url":"/images/Art.png","status":"304","res":"- bytes","response-time":"1.921 ms"}
{"method":"GET","url":"/images/geog.png","status":"304","res":"- bytes","response-time":"1.850 ms"}
{"method":"GET","url":"/images/history.png","status":"304","res":"- bytes","response-time":"0.547 ms"}
{"method":"GET","url":"/images/science.png","status":"304","res":"- bytes","response-time":"0.561 ms"}
{"method":"GET","url":"/images/hindi.png","status":"304","res":"- bytes","response-time":"0.524 ms"}
{"method":"GET","url":"/images/eng.png","status":"304","res":"- bytes","response-time":"1.052 ms"}
{"method":"GET","url":"/images/marathi.png","status":"304","res":"- bytes","response-time":"1.129 ms"}
{"method":"GET","url":"/images/fees.png","status":"304","res":"- bytes","response-time":"1.144 ms"}
{"method":"GET","url":"/images/tutor.png","status":"304","res":"- bytes","response-time":"0.588 ms"}
{"method":"GET","url":"/images/review.png","status":"304","res":"- bytes","response-time":"1.331 ms"}
{"method":"GET","url":"/images/online.png","status":"304","res":"- bytes","response-time":"1.475 ms"}
{"method":"GET","url":"/images/group.png","status":"304","res":"- bytes","response-time":"0.501 ms"}
{"method":"GET","url":"/images/home.png","status":"304","res":"- bytes","response-time":"0.708 ms"}
{"method":"GET","url":"/","status":"200","res":"38063 bytes","response-time":"38.237 ms"}
{"method":"GET","url":"/stylesheets/style.css","status":"304","res":"- bytes","response-time":"0.992 ms"}
{"method":"GET","url":"/stylesheets/requirement-modal.css","status":"304","res":"- bytes","response-time":"3.679 ms"}
{"method":"GET","url":"/images/download.png","status":"304","res":"- bytes","response-time":"0.780 ms"}
{"method":"GET","url":"/images/register.png","status":"304","res":"- bytes","response-time":"0.833 ms"}
{"method":"GET","url":"/javascripts/script.js","status":"304","res":"- bytes","response-time":"0.765 ms"}
{"method":"GET","url":"/javascripts/requirement-modal.js","status":"304","res":"- bytes","response-time":"0.850 ms"}
{"method":"GET","url":"/images/find.png","status":"304","res":"- bytes","response-time":"1.028 ms"}
{"method":"GET","url":"/images/demo.png","status":"304","res":"- bytes","response-time":"3.133 ms"}
{"method":"GET","url":"/images/teach.png","status":"304","res":"- bytes","response-time":"1.826 ms"}
{"method":"GET","url":"/images/feedback.png","status":"304","res":"- bytes","response-time":"1.032 ms"}
{"method":"GET","url":"/images/maths.png","status":"304","res":"- bytes","response-time":"1.033 ms"}
{"method":"GET","url":"/images/Art.png","status":"304","res":"- bytes","response-time":"1.354 ms"}
{"method":"GET","url":"/images/science.png","status":"304","res":"- bytes","response-time":"0.901 ms"}
{"method":"GET","url":"/images/geog.png","status":"304","res":"- bytes","response-time":"0.576 ms"}
{"method":"GET","url":"/images/hindi.png","status":"304","res":"- bytes","response-time":"0.960 ms"}
{"method":"GET","url":"/images/history.png","status":"304","res":"- bytes","response-time":"0.931 ms"}
{"method":"GET","url":"/images/eng.png","status":"304","res":"- bytes","response-time":"1.453 ms"}
{"method":"GET","url":"/images/marathi.png","status":"304","res":"- bytes","response-time":"1.376 ms"}
{"method":"GET","url":"/images/fees.png","status":"304","res":"- bytes","response-time":"1.300 ms"}
{"method":"GET","url":"/images/tutor.png","status":"304","res":"- bytes","response-time":"0.592 ms"}
{"method":"GET","url":"/images/review.png","status":"304","res":"- bytes","response-time":"1.268 ms"}
{"method":"GET","url":"/images/online.png","status":"304","res":"- bytes","response-time":"1.030 ms"}
{"method":"GET","url":"/images/group.png","status":"304","res":"- bytes","response-time":"0.558 ms"}
{"method":"GET","url":"/images/home.png","status":"304","res":"- bytes","response-time":"1.349 ms"}
{"method":"GET","url":"/","status":"304","res":"- bytes","response-time":"26.061 ms"}
{"method":"GET","url":"/stylesheets/style.css","status":"304","res":"- bytes","response-time":"1.556 ms"}
{"method":"GET","url":"/stylesheets/requirement-modal.css","status":"304","res":"- bytes","response-time":"0.547 ms"}
{"method":"GET","url":"/images/download.png","status":"304","res":"- bytes","response-time":"1.738 ms"}
{"method":"GET","url":"/images/register.png","status":"304","res":"- bytes","response-time":"0.851 ms"}
{"method":"GET","url":"/javascripts/script.js","status":"304","res":"- bytes","response-time":"0.752 ms"}
{"method":"GET","url":"/javascripts/requirement-modal.js","status":"304","res":"- bytes","response-time":"0.771 ms"}
{"method":"GET","url":"/images/find.png","status":"304","res":"- bytes","response-time":"0.620 ms"}
{"method":"GET","url":"/images/demo.png","status":"304","res":"- bytes","response-time":"1.177 ms"}
{"method":"GET","url":"/images/teach.png","status":"304","res":"- bytes","response-time":"1.244 ms"}
{"method":"GET","url":"/images/feedback.png","status":"304","res":"- bytes","response-time":"1.222 ms"}
{"method":"GET","url":"/images/maths.png","status":"304","res":"- bytes","response-time":"1.263 ms"}
{"method":"GET","url":"/images/Art.png","status":"304","res":"- bytes","response-time":"1.262 ms"}
{"method":"GET","url":"/images/geog.png","status":"304","res":"- bytes","response-time":"1.225 ms"}
{"method":"GET","url":"/images/history.png","status":"304","res":"- bytes","response-time":"2.413 ms"}
{"method":"GET","url":"/images/science.png","status":"304","res":"- bytes","response-time":"0.565 ms"}
{"method":"GET","url":"/images/hindi.png","status":"304","res":"- bytes","response-time":"2.865 ms"}
{"method":"GET","url":"/images/eng.png","status":"304","res":"- bytes","response-time":"2.867 ms"}
{"method":"GET","url":"/images/marathi.png","status":"304","res":"- bytes","response-time":"0.904 ms"}
{"method":"GET","url":"/images/fees.png","status":"304","res":"- bytes","response-time":"0.893 ms"}
{"method":"GET","url":"/images/tutor.png","status":"304","res":"- bytes","response-time":"1.951 ms"}
{"method":"GET","url":"/images/review.png","status":"304","res":"- bytes","response-time":"2.461 ms"}
{"method":"GET","url":"/images/online.png","status":"304","res":"- bytes","response-time":"1.980 ms"}
{"method":"GET","url":"/images/group.png","status":"304","res":"- bytes","response-time":"1.974 ms"}
{"method":"GET","url":"/images/home.png","status":"304","res":"- bytes","response-time":"1.952 ms"}
{"method":"GET","url":"/","status":"304","res":"- bytes","response-time":"18.126 ms"}
{"method":"GET","url":"/stylesheets/style.css","status":"304","res":"- bytes","response-time":"0.909 ms"}
{"method":"GET","url":"/stylesheets/requirement-modal.css","status":"304","res":"- bytes","response-time":"1.018 ms"}
{"method":"GET","url":"/images/download.png","status":"304","res":"- bytes","response-time":"2.110 ms"}
{"method":"GET","url":"/images/register.png","status":"304","res":"- bytes","response-time":"1.324 ms"}
{"method":"GET","url":"/javascripts/script.js","status":"304","res":"- bytes","response-time":"0.763 ms"}
{"method":"GET","url":"/javascripts/requirement-modal.js","status":"304","res":"- bytes","response-time":"0.613 ms"}
{"method":"GET","url":"/images/find.png","status":"304","res":"- bytes","response-time":"1.097 ms"}
{"method":"GET","url":"/images/demo.png","status":"304","res":"- bytes","response-time":"1.075 ms"}
{"method":"GET","url":"/images/teach.png","status":"304","res":"- bytes","response-time":"0.969 ms"}
{"method":"GET","url":"/images/feedback.png","status":"304","res":"- bytes","response-time":"2.686 ms"}
{"method":"GET","url":"/images/maths.png","status":"304","res":"- bytes","response-time":"0.899 ms"}
{"method":"GET","url":"/images/Art.png","status":"304","res":"- bytes","response-time":"0.822 ms"}
{"method":"GET","url":"/images/geog.png","status":"304","res":"- bytes","response-time":"0.563 ms"}
{"method":"GET","url":"/images/history.png","status":"304","res":"- bytes","response-time":"0.903 ms"}
{"method":"GET","url":"/images/science.png","status":"304","res":"- bytes","response-time":"1.303 ms"}
{"method":"GET","url":"/images/hindi.png","status":"304","res":"- bytes","response-time":"0.899 ms"}
{"method":"GET","url":"/images/eng.png","status":"304","res":"- bytes","response-time":"1.316 ms"}
{"method":"GET","url":"/images/marathi.png","status":"304","res":"- bytes","response-time":"1.536 ms"}
{"method":"GET","url":"/images/fees.png","status":"304","res":"- bytes","response-time":"0.811 ms"}
{"method":"GET","url":"/images/tutor.png","status":"304","res":"- bytes","response-time":"0.797 ms"}
{"method":"GET","url":"/images/review.png","status":"304","res":"- bytes","response-time":"1.033 ms"}
{"method":"GET","url":"/images/online.png","status":"304","res":"- bytes","response-time":"0.603 ms"}
{"method":"GET","url":"/images/group.png","status":"304","res":"- bytes","response-time":"2.341 ms"}
{"method":"GET","url":"/images/home.png","status":"304","res":"- bytes","response-time":"1.031 ms"}
{"method":"GET","url":"/","status":"304","res":"- bytes","response-time":"15.715 ms"}
{"method":"GET","url":"/stylesheets/style.css","status":"304","res":"- bytes","response-time":"0.901 ms"}
{"method":"GET","url":"/stylesheets/requirement-modal.css","status":"304","res":"- bytes","response-time":"1.346 ms"}
{"method":"GET","url":"/images/download.png","status":"304","res":"- bytes","response-time":"1.024 ms"}
{"method":"GET","url":"/images/register.png","status":"304","res":"- bytes","response-time":"1.149 ms"}
{"method":"GET","url":"/javascripts/script.js","status":"304","res":"- bytes","response-time":"3.033 ms"}
{"method":"GET","url":"/javascripts/requirement-modal.js","status":"304","res":"- bytes","response-time":"0.781 ms"}
{"method":"GET","url":"/images/find.png","status":"304","res":"- bytes","response-time":"0.852 ms"}
{"method":"GET","url":"/images/demo.png","status":"304","res":"- bytes","response-time":"1.739 ms"}
{"method":"GET","url":"/images/teach.png","status":"304","res":"- bytes","response-time":"2.001 ms"}
{"method":"GET","url":"/images/feedback.png","status":"304","res":"- bytes","response-time":"2.087 ms"}
{"method":"GET","url":"/images/maths.png","status":"304","res":"- bytes","response-time":"0.633 ms"}
{"method":"GET","url":"/images/Art.png","status":"304","res":"- bytes","response-time":"0.893 ms"}
{"method":"GET","url":"/images/geog.png","status":"304","res":"- bytes","response-time":"0.741 ms"}
{"method":"GET","url":"/images/history.png","status":"304","res":"- bytes","response-time":"1.512 ms"}
{"method":"GET","url":"/images/science.png","status":"304","res":"- bytes","response-time":"1.425 ms"}
{"method":"GET","url":"/images/hindi.png","status":"304","res":"- bytes","response-time":"1.869 ms"}
{"method":"GET","url":"/images/eng.png","status":"304","res":"- bytes","response-time":"1.063 ms"}
{"method":"GET","url":"/images/marathi.png","status":"304","res":"- bytes","response-time":"0.678 ms"}
{"method":"GET","url":"/images/fees.png","status":"304","res":"- bytes","response-time":"0.591 ms"}
{"method":"GET","url":"/images/tutor.png","status":"304","res":"- bytes","response-time":"4.681 ms"}
{"method":"GET","url":"/images/review.png","status":"304","res":"- bytes","response-time":"3.342 ms"}
{"method":"GET","url":"/images/online.png","status":"304","res":"- bytes","response-time":"0.480 ms"}
{"method":"GET","url":"/images/group.png","status":"304","res":"- bytes","response-time":"0.707 ms"}
{"method":"GET","url":"/images/home.png","status":"304","res":"- bytes","response-time":"0.761 ms"}
