{"method":"GET","url":"/","status":"200","res":"46556 bytes","response-time":"61.808 ms"}
{"method":"GET","url":"/javascripts/script.js","status":"304","res":"- bytes","response-time":"2.257 ms"}
{"method":"GET","url":"/stylesheets/requirement-modal.css","status":"304","res":"- bytes","response-time":"17.873 ms"}
{"method":"GET","url":"/stylesheets/style.css","status":"304","res":"- bytes","response-time":"19.520 ms"}
{"method":"GET","url":"/cinqueterre.jpg","status":"404","res":"5547 bytes","response-time":"20.964 ms"}
{"method":"GET","url":"/javascripts/requirement-modal.js","status":"304","res":"- bytes","response-time":"0.701 ms"}
{"method":"GET","url":"/stylesheets/style.css","status":"304","res":"- bytes","response-time":"0.931 ms"}
{"method":"GET","url":"/","status":"200","res":"46582 bytes","response-time":"51.156 ms"}
{"method":"GET","url":"/stylesheets/style.css","status":"304","res":"- bytes","response-time":"6.294 ms"}
{"method":"GET","url":"/stylesheets/requirement-modal.css","status":"304","res":"- bytes","response-time":"6.104 ms"}
{"method":"GET","url":"/javascripts/script.js","status":"304","res":"- bytes","response-time":"6.218 ms"}
{"method":"GET","url":"/javascripts/requirement-modal.js","status":"304","res":"- bytes","response-time":"6.444 ms"}
{"method":"GET","url":"/stylesheets/style.css","status":"304","res":"- bytes","response-time":"0.460 ms"}
{"method":"GET","url":"/","status":"304","res":"- bytes","response-time":"25.537 ms"}
{"method":"GET","url":"/stylesheets/style.css","status":"304","res":"- bytes","response-time":"0.659 ms"}
{"method":"GET","url":"/stylesheets/requirement-modal.css","status":"304","res":"- bytes","response-time":"1.028 ms"}
{"method":"GET","url":"/javascripts/script.js","status":"304","res":"- bytes","response-time":"0.771 ms"}
{"method":"GET","url":"/javascripts/requirement-modal.js","status":"304","res":"- bytes","response-time":"1.158 ms"}
{"method":"GET","url":"/stylesheets/style.css","status":"304","res":"- bytes","response-time":"0.892 ms"}
{"method":"GET","url":"/","status":"304","res":"- bytes","response-time":"23.715 ms"}
{"method":"GET","url":"/stylesheets/style.css","status":"304","res":"- bytes","response-time":"1.785 ms"}
{"method":"GET","url":"/stylesheets/requirement-modal.css","status":"304","res":"- bytes","response-time":"1.758 ms"}
{"method":"GET","url":"/javascripts/script.js","status":"304","res":"- bytes","response-time":"0.689 ms"}
{"method":"GET","url":"/javascripts/requirement-modal.js","status":"304","res":"- bytes","response-time":"2.289 ms"}
{"method":"GET","url":"/stylesheets/style.css","status":"304","res":"- bytes","response-time":"0.495 ms"}
{"method":"GET","url":"/","status":"304","res":"- bytes","response-time":"63.395 ms"}
{"method":"GET","url":"/stylesheets/style.css","status":"304","res":"- bytes","response-time":"5.127 ms"}
{"method":"GET","url":"/stylesheets/requirement-modal.css","status":"304","res":"- bytes","response-time":"1.426 ms"}
{"method":"GET","url":"/javascripts/script.js","status":"304","res":"- bytes","response-time":"1.568 ms"}
{"method":"GET","url":"/javascripts/requirement-modal.js","status":"304","res":"- bytes","response-time":"1.496 ms"}
{"method":"GET","url":"/stylesheets/style.css","status":"304","res":"- bytes","response-time":"0.643 ms"}
{"method":"GET","url":"/","status":"200","res":"38538 bytes","response-time":"32.696 ms"}
{"method":"GET","url":"/stylesheets/style.css","status":"304","res":"- bytes","response-time":"1.715 ms"}
{"method":"GET","url":"/javascripts/script.js","status":"304","res":"- bytes","response-time":"4.324 ms"}
{"method":"GET","url":"/public/maths.png","status":"404","res":"5547 bytes","response-time":"22.225 ms"}
{"method":"GET","url":"/stylesheets/requirement-modal.css","status":"304","res":"- bytes","response-time":"47.516 ms"}
{"method":"GET","url":"/javascripts/requirement-modal.js","status":"304","res":"- bytes","response-time":"22.141 ms"}
{"method":"GET","url":"/stylesheets/style.css","status":"304","res":"- bytes","response-time":"0.680 ms"}
{"method":"GET","url":"/","status":"200","res":"38594 bytes","response-time":"26.208 ms"}
{"method":"GET","url":"/stylesheets/style.css","status":"304","res":"- bytes","response-time":"2.452 ms"}
{"method":"GET","url":"/stylesheets/requirement-modal.css","status":"304","res":"- bytes","response-time":"2.624 ms"}
{"method":"GET","url":"/javascripts/script.js","status":"304","res":"- bytes","response-time":"1.626 ms"}
{"method":"GET","url":"/maths.png","status":"404","res":"5547 bytes","response-time":"15.578 ms"}
{"method":"GET","url":"/javascripts/requirement-modal.js","status":"304","res":"- bytes","response-time":"0.784 ms"}
{"method":"GET","url":"/stylesheets/style.css","status":"304","res":"- bytes","response-time":"2.356 ms"}
{"method":"GET","url":"/","status":"200","res":"38609 bytes","response-time":"33.046 ms"}
{"method":"GET","url":"/stylesheets/style.css","status":"304","res":"- bytes","response-time":"1.175 ms"}
{"method":"GET","url":"/stylesheets/requirement-modal.css","status":"304","res":"- bytes","response-time":"1.441 ms"}
{"method":"GET","url":"/public/images/maths.png","status":"404","res":"5547 bytes","response-time":"18.001 ms"}
{"method":"GET","url":"/javascripts/script.js","status":"304","res":"- bytes","response-time":"0.657 ms"}
{"method":"GET","url":"/javascripts/requirement-modal.js","status":"304","res":"- bytes","response-time":"0.705 ms"}
{"method":"GET","url":"/stylesheets/style.css","status":"304","res":"- bytes","response-time":"0.636 ms"}
{"method":"GET","url":"/","status":"304","res":"- bytes","response-time":"23.203 ms"}
{"method":"GET","url":"/stylesheets/style.css","status":"304","res":"- bytes","response-time":"3.591 ms"}
{"method":"GET","url":"/stylesheets/requirement-modal.css","status":"304","res":"- bytes","response-time":"0.907 ms"}
{"method":"GET","url":"/javascripts/script.js","status":"304","res":"- bytes","response-time":"1.781 ms"}
{"method":"GET","url":"/public/images/maths.png","status":"404","res":"5547 bytes","response-time":"11.011 ms"}
{"method":"GET","url":"/javascripts/requirement-modal.js","status":"304","res":"- bytes","response-time":"0.665 ms"}
{"method":"GET","url":"/stylesheets/style.css","status":"304","res":"- bytes","response-time":"0.748 ms"}
