{"method":"GET","url":"/stylesheets/requirement-modal.css","status":"304","res":"- bytes","response-time":"104.893 ms"}
{"method":"GET","url":"/stylesheets/style.css","status":"304","res":"- bytes","response-time":"496.430 ms"}
{"method":"GET","url":"/","status":"200","res":"37989 bytes","response-time":"191.482 ms"}
{"method":"GET","url":"/stylesheets/style.css","status":"304","res":"- bytes","response-time":"5.271 ms"}
{"method":"GET","url":"/stylesheets/requirement-modal.css","status":"304","res":"- bytes","response-time":"5.861 ms"}
{"method":"GET","url":"/javascripts/script.js","status":"304","res":"- bytes","response-time":"2.539 ms"}
{"method":"GET","url":"/javascripts/requirement-modal.js","status":"304","res":"- bytes","response-time":"33.973 ms"}
{"method":"GET","url":"/images/download.png","status":"304","res":"- bytes","response-time":"231.316 ms"}
{"method":"GET","url":"/images/demo.png","status":"304","res":"- bytes","response-time":"231.438 ms"}
{"method":"GET","url":"/images/register.png","status":"304","res":"- bytes","response-time":"176.039 ms"}
{"method":"GET","url":"/images/find.png","status":"304","res":"- bytes","response-time":"233.895 ms"}
{"method":"GET","url":"/images/teach.png","status":"304","res":"- bytes","response-time":"145.614 ms"}
{"method":"GET","url":"/images/feedback.png","status":"304","res":"- bytes","response-time":"147.808 ms"}
{"method":"GET","url":"/images/Art.png","status":"304","res":"- bytes","response-time":"62.713 ms"}
{"method":"GET","url":"/images/geog.png","status":"304","res":"- bytes","response-time":"74.980 ms"}
{"method":"GET","url":"/images/science.png","status":"304","res":"- bytes","response-time":"72.162 ms"}
{"method":"GET","url":"/images/hindi.png","status":"304","res":"- bytes","response-time":"71.132 ms"}
{"method":"GET","url":"/images/history.png","status":"304","res":"- bytes","response-time":"24.466 ms"}
{"method":"GET","url":"/images/maths.png","status":"304","res":"- bytes","response-time":"46.450 ms"}
{"method":"GET","url":"/images/eng.png","status":"304","res":"- bytes","response-time":"97.450 ms"}
{"method":"GET","url":"/images/tutor.png","status":"304","res":"- bytes","response-time":"147.942 ms"}
{"method":"GET","url":"/images/marathi.png","status":"304","res":"- bytes","response-time":"214.678 ms"}
{"method":"GET","url":"/images/fees.png","status":"304","res":"- bytes","response-time":"191.822 ms"}
{"method":"GET","url":"/images/online.png","status":"304","res":"- bytes","response-time":"60.878 ms"}
{"method":"GET","url":"/images/review.png","status":"304","res":"- bytes","response-time":"61.103 ms"}
{"method":"GET","url":"/images/home.png","status":"304","res":"- bytes","response-time":"29.483 ms"}
{"method":"GET","url":"/images/group.png","status":"304","res":"- bytes","response-time":"34.688 ms"}
{"method":"GET","url":"/videos/tutorry.mp4","status":"304","res":"- bytes","response-time":"9.506 ms"}
{"method":"GET","url":"/videos/tutorry.mp4","status":"304","res":"- bytes","response-time":"2.946 ms"}
{"method":"GET","url":"/videos/tutorry.mp4","status":"304","res":"- bytes","response-time":"0.553 ms"}
{"method":"GET","url":"/videos/tutorry.mp4","status":"304","res":"- bytes","response-time":"0.660 ms"}
{"method":"GET","url":"/","status":"200","res":"37999 bytes","response-time":"39.330 ms"}
{"method":"GET","url":"/stylesheets/style.css","status":"304","res":"- bytes","response-time":"1.644 ms"}
{"method":"GET","url":"/stylesheets/requirement-modal.css","status":"304","res":"- bytes","response-time":"1.629 ms"}
{"method":"GET","url":"/images/register.png","status":"304","res":"- bytes","response-time":"1.804 ms"}
{"method":"GET","url":"/images/download.png","status":"304","res":"- bytes","response-time":"2.041 ms"}
{"method":"GET","url":"/javascripts/script.js","status":"304","res":"- bytes","response-time":"0.679 ms"}
{"method":"GET","url":"/javascripts/requirement-modal.js","status":"304","res":"- bytes","response-time":"0.673 ms"}
{"method":"GET","url":"/images/find.png","status":"304","res":"- bytes","response-time":"0.727 ms"}
{"method":"GET","url":"/images/demo.png","status":"304","res":"- bytes","response-time":"1.219 ms"}
{"method":"GET","url":"/images/teach.png","status":"304","res":"- bytes","response-time":"1.377 ms"}
{"method":"GET","url":"/images/feedback.png","status":"304","res":"- bytes","response-time":"1.987 ms"}
{"method":"GET","url":"/images/maths.png","status":"304","res":"- bytes","response-time":"1.087 ms"}
{"method":"GET","url":"/images/Art.png","status":"304","res":"- bytes","response-time":"1.132 ms"}
{"method":"GET","url":"/images/geog.png","status":"304","res":"- bytes","response-time":"1.686 ms"}
{"method":"GET","url":"/images/history.png","status":"304","res":"- bytes","response-time":"1.827 ms"}
{"method":"GET","url":"/images/science.png","status":"304","res":"- bytes","response-time":"1.894 ms"}
{"method":"GET","url":"/images/hindi.png","status":"304","res":"- bytes","response-time":"0.806 ms"}
{"method":"GET","url":"/images/eng.png","status":"304","res":"- bytes","response-time":"1.141 ms"}
{"method":"GET","url":"/images/marathi.png","status":"304","res":"- bytes","response-time":"1.193 ms"}
{"method":"GET","url":"/images/fees.png","status":"304","res":"- bytes","response-time":"0.956 ms"}
{"method":"GET","url":"/images/tutor.png","status":"304","res":"- bytes","response-time":"0.709 ms"}
{"method":"GET","url":"/images/review.png","status":"304","res":"- bytes","response-time":"1.208 ms"}
{"method":"GET","url":"/images/online.png","status":"304","res":"- bytes","response-time":"1.171 ms"}
{"method":"GET","url":"/images/group.png","status":"304","res":"- bytes","response-time":"1.259 ms"}
{"method":"GET","url":"/images/home.png","status":"304","res":"- bytes","response-time":"0.684 ms"}
{"method":"GET","url":"/videos/tutorry.mp4","status":"304","res":"- bytes","response-time":"0.806 ms"}
{"method":"GET","url":"/videos/tutorry.mp4","status":"304","res":"- bytes","response-time":"0.754 ms"}
{"method":"GET","url":"/videos/tutorry.mp4","status":"304","res":"- bytes","response-time":"1.387 ms"}
{"method":"GET","url":"/videos/tutorry.mp4","status":"304","res":"- bytes","response-time":"0.681 ms"}
{"method":"GET","url":"/videos/tutorry.mp4","status":"304","res":"- bytes","response-time":"0.679 ms"}
{"method":"GET","url":"/","status":"200","res":"37991 bytes","response-time":"38.189 ms"}
{"method":"GET","url":"/stylesheets/style.css","status":"304","res":"- bytes","response-time":"0.931 ms"}
{"method":"GET","url":"/stylesheets/requirement-modal.css","status":"304","res":"- bytes","response-time":"1.231 ms"}
{"method":"GET","url":"/images/download.png","status":"304","res":"- bytes","response-time":"1.674 ms"}
{"method":"GET","url":"/images/register.png","status":"304","res":"- bytes","response-time":"2.063 ms"}
{"method":"GET","url":"/javascripts/script.js","status":"304","res":"- bytes","response-time":"1.219 ms"}
{"method":"GET","url":"/javascripts/requirement-modal.js","status":"304","res":"- bytes","response-time":"0.761 ms"}
{"method":"GET","url":"/images/find.png","status":"304","res":"- bytes","response-time":"2.127 ms"}
{"method":"GET","url":"/images/demo.png","status":"304","res":"- bytes","response-time":"2.179 ms"}
{"method":"GET","url":"/images/teach.png","status":"304","res":"- bytes","response-time":"1.437 ms"}
{"method":"GET","url":"/images/feedback.png","status":"304","res":"- bytes","response-time":"1.670 ms"}
{"method":"GET","url":"/images/maths.png","status":"304","res":"- bytes","response-time":"0.715 ms"}
{"method":"GET","url":"/images/geog.png","status":"304","res":"- bytes","response-time":"1.481 ms"}
{"method":"GET","url":"/images/Art.png","status":"304","res":"- bytes","response-time":"1.597 ms"}
{"method":"GET","url":"/images/history.png","status":"304","res":"- bytes","response-time":"1.743 ms"}
{"method":"GET","url":"/images/science.png","status":"304","res":"- bytes","response-time":"1.112 ms"}
{"method":"GET","url":"/images/hindi.png","status":"304","res":"- bytes","response-time":"1.220 ms"}
{"method":"GET","url":"/images/eng.png","status":"304","res":"- bytes","response-time":"0.889 ms"}
{"method":"GET","url":"/images/marathi.png","status":"304","res":"- bytes","response-time":"1.199 ms"}
{"method":"GET","url":"/images/fees.png","status":"304","res":"- bytes","response-time":"1.149 ms"}
{"method":"GET","url":"/images/tutor.png","status":"304","res":"- bytes","response-time":"1.187 ms"}
{"method":"GET","url":"/images/review.png","status":"304","res":"- bytes","response-time":"1.238 ms"}
{"method":"GET","url":"/images/online.png","status":"304","res":"- bytes","response-time":"1.263 ms"}
{"method":"GET","url":"/images/group.png","status":"304","res":"- bytes","response-time":"3.230 ms"}
{"method":"GET","url":"/images/home.png","status":"304","res":"- bytes","response-time":"2.163 ms"}
{"method":"GET","url":"/videos/tutorry.mp4","status":"304","res":"- bytes","response-time":"0.686 ms"}
{"method":"GET","url":"/videos/tutorry.mp4","status":"304","res":"- bytes","response-time":"0.597 ms"}
{"method":"GET","url":"/videos/tutorry.mp4","status":"304","res":"- bytes","response-time":"0.698 ms"}
{"method":"GET","url":"/videos/tutorry.mp4","status":"304","res":"- bytes","response-time":"0.779 ms"}
{"method":"GET","url":"/videos/tutorry.mp4","status":"304","res":"- bytes","response-time":"0.512 ms"}
{"method":"GET","url":"/videos/tutorry.mp4","status":"304","res":"- bytes","response-time":"0.583 ms"}
