{"method":"GET","url":"/","status":"200","res":"38358 bytes","response-time":"76.574 ms"}
{"method":"GET","url":"/stylesheets/style.css","status":"304","res":"- bytes","response-time":"1.390 ms"}
{"method":"GET","url":"/stylesheets/requirement-modal.css","status":"304","res":"- bytes","response-time":"0.719 ms"}
{"method":"GET","url":"/images/maths.png","status":"304","res":"- bytes","response-time":"0.633 ms"}
{"method":"GET","url":"/images/Art.png","status":"304","res":"- bytes","response-time":"0.912 ms"}
{"method":"GET","url":"/javascripts/script.js","status":"304","res":"- bytes","response-time":"1.007 ms"}
{"method":"GET","url":"/javascripts/requirement-modal.js","status":"304","res":"- bytes","response-time":"0.922 ms"}
{"method":"GET","url":"/images/geog.png","status":"304","res":"- bytes","response-time":"0.598 ms"}
{"method":"GET","url":"/images/history.png","status":"304","res":"- bytes","response-time":"1.327 ms"}
{"method":"GET","url":"/images/science.png","status":"304","res":"- bytes","response-time":"3.820 ms"}
{"method":"GET","url":"/images/hindi.png","status":"304","res":"- bytes","response-time":"5.222 ms"}
{"method":"GET","url":"/images/eng.png","status":"304","res":"- bytes","response-time":"5.209 ms"}
{"method":"GET","url":"/images/marathi.png","status":"304","res":"- bytes","response-time":"4.989 ms"}
{"method":"GET","url":"/images/fees.png","status":"200","res":"1396 bytes","response-time":"39.749 ms"}
{"method":"GET","url":"/stylesheets/style.css","status":"304","res":"- bytes","response-time":"1.883 ms"}
{"method":"GET","url":"/","status":"200","res":"38124 bytes","response-time":"34.264 ms"}
{"method":"GET","url":"/stylesheets/style.css","status":"304","res":"- bytes","response-time":"0.855 ms"}
{"method":"GET","url":"/stylesheets/requirement-modal.css","status":"304","res":"- bytes","response-time":"2.992 ms"}
{"method":"GET","url":"/images/maths.png","status":"304","res":"- bytes","response-time":"2.430 ms"}
{"method":"GET","url":"/images/Art.png","status":"304","res":"- bytes","response-time":"2.263 ms"}
{"method":"GET","url":"/javascripts/script.js","status":"304","res":"- bytes","response-time":"0.610 ms"}
{"method":"GET","url":"/javascripts/requirement-modal.js","status":"304","res":"- bytes","response-time":"0.667 ms"}
{"method":"GET","url":"/images/geog.png","status":"304","res":"- bytes","response-time":"0.701 ms"}
{"method":"GET","url":"/images/history.png","status":"304","res":"- bytes","response-time":"1.183 ms"}
{"method":"GET","url":"/images/science.png","status":"304","res":"- bytes","response-time":"1.015 ms"}
{"method":"GET","url":"/images/hindi.png","status":"304","res":"- bytes","response-time":"0.870 ms"}
{"method":"GET","url":"/images/eng.png","status":"304","res":"- bytes","response-time":"0.488 ms"}
{"method":"GET","url":"/images/marathi.png","status":"304","res":"- bytes","response-time":"0.682 ms"}
{"method":"GET","url":"/images/fees.png","status":"304","res":"- bytes","response-time":"0.861 ms"}
{"method":"GET","url":"/images/tutor.png","status":"200","res":"1548 bytes","response-time":"2.378 ms"}
{"method":"GET","url":"/images/review.png","status":"200","res":"1167 bytes","response-time":"1.140 ms"}
{"method":"GET","url":"/images/online.png","status":"200","res":"1419 bytes","response-time":"1.428 ms"}
{"method":"GET","url":"/images/group.png","status":"200","res":"1721 bytes","response-time":"2.220 ms"}
{"method":"GET","url":"/images/home.png","status":"200","res":"1001 bytes","response-time":"1.009 ms"}
{"method":"GET","url":"/users/find_tutor","status":"200","res":"14797 bytes","response-time":"289.966 ms"}
{"method":"GET","url":"/stylesheets/style.css","status":"304","res":"- bytes","response-time":"0.910 ms"}
{"method":"GET","url":"/stylesheets/requirement-modal.css","status":"304","res":"- bytes","response-time":"1.123 ms"}
{"method":"GET","url":"/javascripts/script.js","status":"304","res":"- bytes","response-time":"1.489 ms"}
{"method":"GET","url":"/javascripts/requirement-modal.js","status":"304","res":"- bytes","response-time":"1.134 ms"}
{"method":"GET","url":"/users/become_tutor","status":"200","res":"12802 bytes","response-time":"75.168 ms"}
{"method":"GET","url":"/stylesheets/style.css","status":"304","res":"- bytes","response-time":"0.789 ms"}
{"method":"GET","url":"/stylesheets/requirement-modal.css","status":"304","res":"- bytes","response-time":"0.647 ms"}
{"method":"GET","url":"/javascripts/script.js","status":"304","res":"- bytes","response-time":"1.208 ms"}
{"method":"GET","url":"/javascripts/requirement-modal.js","status":"304","res":"- bytes","response-time":"2.461 ms"}
{"method":"GET","url":"/users/contact","status":"200","res":"9704 bytes","response-time":"93.547 ms"}
{"method":"GET","url":"/stylesheets/style.css","status":"304","res":"- bytes","response-time":"0.870 ms"}
{"method":"GET","url":"/stylesheets/requirement-modal.css","status":"304","res":"- bytes","response-time":"3.849 ms"}
{"method":"GET","url":"/javascripts/script.js","status":"304","res":"- bytes","response-time":"0.893 ms"}
{"method":"GET","url":"/javascripts/requirement-modal.js","status":"304","res":"- bytes","response-time":"0.678 ms"}
{"method":"GET","url":"/","status":"304","res":"- bytes","response-time":"19.710 ms"}
{"method":"GET","url":"/stylesheets/style.css","status":"304","res":"- bytes","response-time":"0.754 ms"}
{"method":"GET","url":"/stylesheets/requirement-modal.css","status":"304","res":"- bytes","response-time":"0.619 ms"}
{"method":"GET","url":"/javascripts/script.js","status":"304","res":"- bytes","response-time":"3.152 ms"}
{"method":"GET","url":"/javascripts/requirement-modal.js","status":"304","res":"- bytes","response-time":"2.378 ms"}
{"method":"GET","url":"/images/maths.png","status":"304","res":"- bytes","response-time":"1.593 ms"}
{"method":"GET","url":"/images/Art.png","status":"304","res":"- bytes","response-time":"1.851 ms"}
{"method":"GET","url":"/images/geog.png","status":"304","res":"- bytes","response-time":"41.352 ms"}
{"method":"GET","url":"/images/science.png","status":"304","res":"- bytes","response-time":"39.794 ms"}
{"method":"GET","url":"/images/history.png","status":"304","res":"- bytes","response-time":"41.864 ms"}
{"method":"GET","url":"/images/hindi.png","status":"304","res":"- bytes","response-time":"40.101 ms"}
{"method":"GET","url":"/images/eng.png","status":"304","res":"- bytes","response-time":"1.115 ms"}
{"method":"GET","url":"/images/marathi.png","status":"304","res":"- bytes","response-time":"0.900 ms"}
{"method":"GET","url":"/images/fees.png","status":"304","res":"- bytes","response-time":"1.129 ms"}
{"method":"GET","url":"/images/tutor.png","status":"304","res":"- bytes","response-time":"1.789 ms"}
{"method":"GET","url":"/images/review.png","status":"304","res":"- bytes","response-time":"1.366 ms"}
{"method":"GET","url":"/images/online.png","status":"304","res":"- bytes","response-time":"3.509 ms"}
{"method":"GET","url":"/images/group.png","status":"304","res":"- bytes","response-time":"2.210 ms"}
{"method":"GET","url":"/images/home.png","status":"304","res":"- bytes","response-time":"4.096 ms"}
