{"method":"GET","url":"/","status":"304","res":"- bytes","response-time":"206.428 ms"}
{"method":"GET","url":"/stylesheets/style.css","status":"304","res":"- bytes","response-time":"60.394 ms"}
{"method":"GET","url":"/images/maths.png","status":"304","res":"- bytes","response-time":"1.811 ms"}
{"method":"GET","url":"/images/Art.png","status":"304","res":"- bytes","response-time":"1.630 ms"}
{"method":"GET","url":"/images/geog.png","status":"304","res":"- bytes","response-time":"1.670 ms"}
{"method":"GET","url":"/stylesheets/requirement-modal.css","status":"304","res":"- bytes","response-time":"1.703 ms"}
{"method":"GET","url":"/images/history.png","status":"304","res":"- bytes","response-time":"1.708 ms"}
{"method":"GET","url":"/images/science.png","status":"304","res":"- bytes","response-time":"1.933 ms"}
{"method":"GET","url":"/images/hindi.png","status":"304","res":"- bytes","response-time":"2.005 ms"}
{"method":"GET","url":"/images/eng.png","status":"304","res":"- bytes","response-time":"108.545 ms"}
{"method":"GET","url":"/images/fees.png","status":"304","res":"- bytes","response-time":"104.227 ms"}
{"method":"GET","url":"/images/tutor.png","status":"304","res":"- bytes","response-time":"23.939 ms"}
{"method":"GET","url":"/images/marathi.png","status":"304","res":"- bytes","response-time":"107.886 ms"}
{"method":"GET","url":"/images/online.png","status":"304","res":"- bytes","response-time":"13.507 ms"}
{"method":"GET","url":"/javascripts/script.js","status":"304","res":"- bytes","response-time":"0.617 ms"}
{"method":"GET","url":"/javascripts/requirement-modal.js","status":"304","res":"- bytes","response-time":"50.544 ms"}
{"method":"GET","url":"/images/group.png","status":"304","res":"- bytes","response-time":"66.139 ms"}
{"method":"GET","url":"/images/review.png","status":"304","res":"- bytes","response-time":"31.258 ms"}
{"method":"GET","url":"/images/home.png","status":"304","res":"- bytes","response-time":"66.469 ms"}
{"method":"GET","url":"/favicon.ico","status":"404","res":"5547 bytes","response-time":"11.339 ms"}
{"method":"GET","url":"/","status":"200","res":"38099 bytes","response-time":"35.358 ms"}
{"method":"GET","url":"/stylesheets/style.css","status":"304","res":"- bytes","response-time":"5.414 ms"}
{"method":"GET","url":"/stylesheets/requirement-modal.css","status":"304","res":"- bytes","response-time":"0.711 ms"}
{"method":"GET","url":"/images/maths.png","status":"304","res":"- bytes","response-time":"1.850 ms"}
{"method":"GET","url":"/images/Art.png","status":"304","res":"- bytes","response-time":"1.974 ms"}
{"method":"GET","url":"/javascripts/script.js","status":"304","res":"- bytes","response-time":"0.851 ms"}
{"method":"GET","url":"/javascripts/requirement-modal.js","status":"304","res":"- bytes","response-time":"4.801 ms"}
{"method":"GET","url":"/images/geog.png","status":"304","res":"- bytes","response-time":"1.281 ms"}
{"method":"GET","url":"/images/history.png","status":"304","res":"- bytes","response-time":"1.207 ms"}
{"method":"GET","url":"/images/science.png","status":"304","res":"- bytes","response-time":"0.982 ms"}
{"method":"GET","url":"/images/hindi.png","status":"304","res":"- bytes","response-time":"1.062 ms"}
{"method":"GET","url":"/images/eng.png","status":"304","res":"- bytes","response-time":"0.942 ms"}
{"method":"GET","url":"/images/marathi.png","status":"304","res":"- bytes","response-time":"1.139 ms"}
{"method":"GET","url":"/images/fees.png","status":"304","res":"- bytes","response-time":"2.119 ms"}
{"method":"GET","url":"/images/tutor.png","status":"304","res":"- bytes","response-time":"1.248 ms"}
{"method":"GET","url":"/images/review.png","status":"304","res":"- bytes","response-time":"2.312 ms"}
{"method":"GET","url":"/images/online.png","status":"304","res":"- bytes","response-time":"0.850 ms"}
{"method":"GET","url":"/images/group.png","status":"304","res":"- bytes","response-time":"1.247 ms"}
{"method":"GET","url":"/images/home.png","status":"304","res":"- bytes","response-time":"1.255 ms"}
{"method":"GET","url":"/","status":"200","res":"38122 bytes","response-time":"32.066 ms"}
{"method":"GET","url":"/stylesheets/style.css","status":"304","res":"- bytes","response-time":"1.169 ms"}
{"method":"GET","url":"/stylesheets/requirement-modal.css","status":"304","res":"- bytes","response-time":"1.224 ms"}
{"method":"GET","url":"/images/maths.png","status":"304","res":"- bytes","response-time":"2.508 ms"}
{"method":"GET","url":"/images/Art.png","status":"304","res":"- bytes","response-time":"2.150 ms"}
{"method":"GET","url":"/javascripts/script.js","status":"304","res":"- bytes","response-time":"0.929 ms"}
{"method":"GET","url":"/javascripts/requirement-modal.js","status":"304","res":"- bytes","response-time":"0.853 ms"}
{"method":"GET","url":"/images/geog.png","status":"304","res":"- bytes","response-time":"0.790 ms"}
{"method":"GET","url":"/images/history.png","status":"304","res":"- bytes","response-time":"1.264 ms"}
{"method":"GET","url":"/images/science.png","status":"304","res":"- bytes","response-time":"1.407 ms"}
{"method":"GET","url":"/images/hindi.png","status":"304","res":"- bytes","response-time":"1.370 ms"}
{"method":"GET","url":"/images/eng.png","status":"304","res":"- bytes","response-time":"0.845 ms"}
{"method":"GET","url":"/images/marathi.png","status":"304","res":"- bytes","response-time":"2.544 ms"}
{"method":"GET","url":"/images/fees.png","status":"304","res":"- bytes","response-time":"2.076 ms"}
{"method":"GET","url":"/images/tutor.png","status":"304","res":"- bytes","response-time":"2.017 ms"}
{"method":"GET","url":"/images/review.png","status":"304","res":"- bytes","response-time":"2.221 ms"}
{"method":"GET","url":"/images/online.png","status":"304","res":"- bytes","response-time":"0.695 ms"}
{"method":"GET","url":"/images/group.png","status":"304","res":"- bytes","response-time":"0.806 ms"}
{"method":"GET","url":"/images/home.png","status":"304","res":"- bytes","response-time":"1.128 ms"}
{"method":"GET","url":"/stylesheets/style.css","status":"304","res":"- bytes","response-time":"1.125 ms"}
{"method":"GET","url":"/stylesheets/requirement-modal.css","status":"304","res":"- bytes","response-time":"1.059 ms"}
{"method":"GET","url":"/","status":"200","res":"38090 bytes","response-time":"18.958 ms"}
{"method":"GET","url":"/stylesheets/style.css","status":"304","res":"- bytes","response-time":"0.815 ms"}
{"method":"GET","url":"/stylesheets/requirement-modal.css","status":"304","res":"- bytes","response-time":"2.459 ms"}
{"method":"GET","url":"/javascripts/script.js","status":"304","res":"- bytes","response-time":"0.930 ms"}
{"method":"GET","url":"/javascripts/requirement-modal.js","status":"304","res":"- bytes","response-time":"1.739 ms"}
{"method":"GET","url":"/images/maths.png","status":"304","res":"- bytes","response-time":"1.972 ms"}
{"method":"GET","url":"/images/Art.png","status":"304","res":"- bytes","response-time":"1.687 ms"}
{"method":"GET","url":"/images/geog.png","status":"304","res":"- bytes","response-time":"0.895 ms"}
{"method":"GET","url":"/images/history.png","status":"304","res":"- bytes","response-time":"0.679 ms"}
{"method":"GET","url":"/images/science.png","status":"304","res":"- bytes","response-time":"0.755 ms"}
{"method":"GET","url":"/images/hindi.png","status":"304","res":"- bytes","response-time":"2.085 ms"}
{"method":"GET","url":"/images/eng.png","status":"304","res":"- bytes","response-time":"2.072 ms"}
{"method":"GET","url":"/images/marathi.png","status":"304","res":"- bytes","response-time":"2.044 ms"}
{"method":"GET","url":"/images/fees.png","status":"304","res":"- bytes","response-time":"2.257 ms"}
{"method":"GET","url":"/images/tutor.png","status":"304","res":"- bytes","response-time":"0.706 ms"}
{"method":"GET","url":"/images/review.png","status":"304","res":"- bytes","response-time":"0.881 ms"}
{"method":"GET","url":"/images/online.png","status":"304","res":"- bytes","response-time":"1.418 ms"}
{"method":"GET","url":"/images/group.png","status":"304","res":"- bytes","response-time":"1.605 ms"}
{"method":"GET","url":"/images/home.png","status":"304","res":"- bytes","response-time":"1.079 ms"}
{"method":"GET","url":"/images/download.png","status":"200","res":"1684 bytes","response-time":"43.896 ms"}
{"method":"GET","url":"/","status":"200","res":"37927 bytes","response-time":"29.762 ms"}
{"method":"GET","url":"/stylesheets/style.css","status":"304","res":"- bytes","response-time":"0.896 ms"}
{"method":"GET","url":"/stylesheets/requirement-modal.css","status":"304","res":"- bytes","response-time":"1.018 ms"}
{"method":"GET","url":"/javascripts/script.js","status":"304","res":"- bytes","response-time":"1.482 ms"}
{"method":"GET","url":"/javascripts/requirement-modal.js","status":"304","res":"- bytes","response-time":"1.608 ms"}
{"method":"GET","url":"/images/download.png","status":"304","res":"- bytes","response-time":"0.683 ms"}
{"method":"GET","url":"/images/search.png","status":"200","res":"4219 bytes","response-time":"5.451 ms"}
{"method":"GET","url":"/images/maths.png","status":"304","res":"- bytes","response-time":"0.747 ms"}
{"method":"GET","url":"/images/register.png","status":"404","res":"5547 bytes","response-time":"23.459 ms"}
{"method":"GET","url":"/images/learn.png","status":"200","res":"1150 bytes","response-time":"13.632 ms"}
{"method":"GET","url":"/images/demo.png","status":"200","res":"1727 bytes","response-time":"25.489 ms"}
{"method":"GET","url":"/images/feedback.png","status":"200","res":"2053 bytes","response-time":"38.066 ms"}
{"method":"GET","url":"/images/Art.png","status":"304","res":"- bytes","response-time":"3.525 ms"}
{"method":"GET","url":"/images/geog.png","status":"304","res":"- bytes","response-time":"2.731 ms"}
{"method":"GET","url":"/images/history.png","status":"304","res":"- bytes","response-time":"0.398 ms"}
{"method":"GET","url":"/images/science.png","status":"304","res":"- bytes","response-time":"2.950 ms"}
{"method":"GET","url":"/images/hindi.png","status":"304","res":"- bytes","response-time":"0.820 ms"}
{"method":"GET","url":"/images/eng.png","status":"304","res":"- bytes","response-time":"0.969 ms"}
{"method":"GET","url":"/images/marathi.png","status":"304","res":"- bytes","response-time":"7.366 ms"}
{"method":"GET","url":"/images/fees.png","status":"304","res":"- bytes","response-time":"8.850 ms"}
{"method":"GET","url":"/images/tutor.png","status":"304","res":"- bytes","response-time":"5.873 ms"}
{"method":"GET","url":"/images/review.png","status":"304","res":"- bytes","response-time":"2.642 ms"}
{"method":"GET","url":"/images/online.png","status":"304","res":"- bytes","response-time":"3.713 ms"}
{"method":"GET","url":"/images/group.png","status":"304","res":"- bytes","response-time":"3.954 ms"}
{"method":"GET","url":"/images/home.png","status":"304","res":"- bytes","response-time":"0.543 ms"}
