{"method":"GET","url":"/","status":"200","res":"38490 bytes","response-time":"34.943 ms"}
{"method":"GET","url":"/stylesheets/style.css","status":"304","res":"- bytes","response-time":"0.824 ms"}
{"method":"GET","url":"/stylesheets/requirement-modal.css","status":"304","res":"- bytes","response-time":"0.847 ms"}
{"method":"GET","url":"/images/maths.png","status":"304","res":"- bytes","response-time":"1.087 ms"}
{"method":"GET","url":"/images/Art.png","status":"304","res":"- bytes","response-time":"1.323 ms"}
{"method":"GET","url":"/javascripts/script.js","status":"304","res":"- bytes","response-time":"0.999 ms"}
{"method":"GET","url":"/javascripts/requirement-modal.js","status":"304","res":"- bytes","response-time":"0.808 ms"}
{"method":"GET","url":"/images/geog.png","status":"304","res":"- bytes","response-time":"1.421 ms"}
{"method":"GET","url":"/images/history.png","status":"304","res":"- bytes","response-time":"1.450 ms"}
{"method":"GET","url":"/images/science.png","status":"200","res":"3010 bytes","response-time":"1.896 ms"}
{"method":"GET","url":"/stylesheets/style.css","status":"304","res":"- bytes","response-time":"0.431 ms"}
{"method":"GET","url":"/","status":"200","res":"38471 bytes","response-time":"26.307 ms"}
{"method":"GET","url":"/images/maths.png","status":"304","res":"- bytes","response-time":"2.721 ms"}
{"method":"GET","url":"/stylesheets/style.css","status":"304","res":"- bytes","response-time":"3.230 ms"}
{"method":"GET","url":"/stylesheets/requirement-modal.css","status":"304","res":"- bytes","response-time":"5.187 ms"}
{"method":"GET","url":"/images/Art.png","status":"304","res":"- bytes","response-time":"1.301 ms"}
{"method":"GET","url":"/javascripts/script.js","status":"304","res":"- bytes","response-time":"0.657 ms"}
{"method":"GET","url":"/javascripts/requirement-modal.js","status":"304","res":"- bytes","response-time":"0.808 ms"}
{"method":"GET","url":"/images/geog.png","status":"304","res":"- bytes","response-time":"4.647 ms"}
{"method":"GET","url":"/images/history.png","status":"304","res":"- bytes","response-time":"1.692 ms"}
{"method":"GET","url":"/images/science.png","status":"304","res":"- bytes","response-time":"1.496 ms"}
{"method":"GET","url":"/images/dance.png","status":"200","res":"2931 bytes","response-time":"1.622 ms"}
{"method":"GET","url":"/stylesheets/style.css","status":"304","res":"- bytes","response-time":"0.439 ms"}
{"method":"GET","url":"/","status":"200","res":"38452 bytes","response-time":"48.681 ms"}
{"method":"GET","url":"/stylesheets/style.css","status":"304","res":"- bytes","response-time":"0.883 ms"}
{"method":"GET","url":"/stylesheets/requirement-modal.css","status":"304","res":"- bytes","response-time":"1.385 ms"}
{"method":"GET","url":"/images/maths.png","status":"304","res":"- bytes","response-time":"0.637 ms"}
{"method":"GET","url":"/images/Art.png","status":"304","res":"- bytes","response-time":"0.701 ms"}
{"method":"GET","url":"/javascripts/script.js","status":"304","res":"- bytes","response-time":"0.957 ms"}
{"method":"GET","url":"/javascripts/requirement-modal.js","status":"304","res":"- bytes","response-time":"1.221 ms"}
{"method":"GET","url":"/images/geog.png","status":"304","res":"- bytes","response-time":"0.588 ms"}
{"method":"GET","url":"/images/history.png","status":"304","res":"- bytes","response-time":"0.700 ms"}
{"method":"GET","url":"/images/science.png","status":"304","res":"- bytes","response-time":"1.067 ms"}
{"method":"GET","url":"/images/dance.png","status":"304","res":"- bytes","response-time":"1.012 ms"}
{"method":"GET","url":"/images/eng.png","status":"200","res":"2443 bytes","response-time":"1.440 ms"}
{"method":"GET","url":"/stylesheets/style.css","status":"304","res":"- bytes","response-time":"1.177 ms"}
{"method":"GET","url":"/","status":"200","res":"38438 bytes","response-time":"51.453 ms"}
{"method":"GET","url":"/stylesheets/style.css","status":"304","res":"- bytes","response-time":"0.997 ms"}
{"method":"GET","url":"/stylesheets/requirement-modal.css","status":"304","res":"- bytes","response-time":"0.623 ms"}
{"method":"GET","url":"/images/maths.png","status":"304","res":"- bytes","response-time":"1.521 ms"}
{"method":"GET","url":"/images/Art.png","status":"304","res":"- bytes","response-time":"0.611 ms"}
{"method":"GET","url":"/javascripts/script.js","status":"304","res":"- bytes","response-time":"1.059 ms"}
{"method":"GET","url":"/javascripts/requirement-modal.js","status":"304","res":"- bytes","response-time":"0.996 ms"}
{"method":"GET","url":"/images/geog.png","status":"304","res":"- bytes","response-time":"1.774 ms"}
{"method":"GET","url":"/images/history.png","status":"304","res":"- bytes","response-time":"1.854 ms"}
{"method":"GET","url":"/images/science.png","status":"304","res":"- bytes","response-time":"1.832 ms"}
{"method":"GET","url":"/images/dance.png","status":"304","res":"- bytes","response-time":"2.543 ms"}
{"method":"GET","url":"/images/eng.png","status":"304","res":"- bytes","response-time":"1.012 ms"}
{"method":"GET","url":"/images/marathi.png","status":"200","res":"2612 bytes","response-time":"26.538 ms"}
{"method":"GET","url":"/stylesheets/style.css","status":"304","res":"- bytes","response-time":"0.717 ms"}
{"method":"GET","url":"/","status":"200","res":"38438 bytes","response-time":"28.743 ms"}
{"method":"GET","url":"/stylesheets/style.css","status":"304","res":"- bytes","response-time":"1.360 ms"}
{"method":"GET","url":"/stylesheets/requirement-modal.css","status":"304","res":"- bytes","response-time":"1.464 ms"}
{"method":"GET","url":"/images/maths.png","status":"304","res":"- bytes","response-time":"1.418 ms"}
{"method":"GET","url":"/images/Art.png","status":"304","res":"- bytes","response-time":"2.262 ms"}
{"method":"GET","url":"/javascripts/script.js","status":"304","res":"- bytes","response-time":"1.217 ms"}
{"method":"GET","url":"/javascripts/requirement-modal.js","status":"304","res":"- bytes","response-time":"1.260 ms"}
{"method":"GET","url":"/images/geog.png","status":"304","res":"- bytes","response-time":"0.593 ms"}
{"method":"GET","url":"/images/history.png","status":"304","res":"- bytes","response-time":"0.616 ms"}
{"method":"GET","url":"/images/science.png","status":"304","res":"- bytes","response-time":"2.069 ms"}
{"method":"GET","url":"/images/eng.png","status":"304","res":"- bytes","response-time":"1.304 ms"}
{"method":"GET","url":"/images/marathi.png","status":"304","res":"- bytes","response-time":"1.507 ms"}
{"method":"GET","url":"/images/hindi.png","status":"200","res":"1815 bytes","response-time":"7.070 ms"}
{"method":"GET","url":"/stylesheets/style.css","status":"304","res":"- bytes","response-time":"5.459 ms"}
{"method":"GET","url":"/","status":"200","res":"38408 bytes","response-time":"71.194 ms"}
{"method":"GET","url":"/stylesheets/style.css","status":"304","res":"- bytes","response-time":"1.466 ms"}
{"method":"GET","url":"/stylesheets/requirement-modal.css","status":"304","res":"- bytes","response-time":"1.501 ms"}
{"method":"GET","url":"/images/maths.png","status":"304","res":"- bytes","response-time":"1.428 ms"}
{"method":"GET","url":"/images/Art.png","status":"304","res":"- bytes","response-time":"1.609 ms"}
{"method":"GET","url":"/javascripts/script.js","status":"304","res":"- bytes","response-time":"1.455 ms"}
{"method":"GET","url":"/javascripts/requirement-modal.js","status":"304","res":"- bytes","response-time":"0.956 ms"}
{"method":"GET","url":"/images/geog.png","status":"304","res":"- bytes","response-time":"1.329 ms"}
{"method":"GET","url":"/images/history.png","status":"304","res":"- bytes","response-time":"1.187 ms"}
{"method":"GET","url":"/images/science.png","status":"304","res":"- bytes","response-time":"3.311 ms"}
{"method":"GET","url":"/images/eng.png","status":"304","res":"- bytes","response-time":"37.323 ms"}
{"method":"GET","url":"/images/hindi.png","status":"304","res":"- bytes","response-time":"3.619 ms"}
{"method":"GET","url":"/images/marathi.png","status":"304","res":"- bytes","response-time":"2.467 ms"}
{"method":"GET","url":"/stylesheets/style.css","status":"304","res":"- bytes","response-time":"0.961 ms"}
{"method":"GET","url":"/","status":"200","res":"38406 bytes","response-time":"64.358 ms"}
{"method":"GET","url":"/images/maths.png","status":"304","res":"- bytes","response-time":"1.838 ms"}
{"method":"GET","url":"/stylesheets/style.css","status":"304","res":"- bytes","response-time":"1.931 ms"}
{"method":"GET","url":"/stylesheets/requirement-modal.css","status":"304","res":"- bytes","response-time":"1.872 ms"}
{"method":"GET","url":"/images/Art.png","status":"304","res":"- bytes","response-time":"1.910 ms"}
{"method":"GET","url":"/javascripts/script.js","status":"304","res":"- bytes","response-time":"0.980 ms"}
{"method":"GET","url":"/javascripts/requirement-modal.js","status":"304","res":"- bytes","response-time":"1.413 ms"}
{"method":"GET","url":"/images/geog.png","status":"304","res":"- bytes","response-time":"0.804 ms"}
{"method":"GET","url":"/images/history.png","status":"304","res":"- bytes","response-time":"0.528 ms"}
{"method":"GET","url":"/images/science.png","status":"304","res":"- bytes","response-time":"0.588 ms"}
{"method":"GET","url":"/images/hindi.png","status":"304","res":"- bytes","response-time":"2.274 ms"}
{"method":"GET","url":"/images/eng.png","status":"304","res":"- bytes","response-time":"2.310 ms"}
{"method":"GET","url":"/images/marathi.png","status":"304","res":"- bytes","response-time":"1.443 ms"}
{"method":"GET","url":"/stylesheets/style.css","status":"304","res":"- bytes","response-time":"0.517 ms"}
{"method":"GET","url":"/","status":"200","res":"38406 bytes","response-time":"41.924 ms"}
{"method":"GET","url":"/stylesheets/style.css","status":"304","res":"- bytes","response-time":"1.978 ms"}
{"method":"GET","url":"/stylesheets/requirement-modal.css","status":"304","res":"- bytes","response-time":"3.203 ms"}
{"method":"GET","url":"/images/maths.png","status":"304","res":"- bytes","response-time":"1.844 ms"}
{"method":"GET","url":"/images/Art.png","status":"304","res":"- bytes","response-time":"0.538 ms"}
{"method":"GET","url":"/javascripts/script.js","status":"304","res":"- bytes","response-time":"0.896 ms"}
{"method":"GET","url":"/javascripts/requirement-modal.js","status":"304","res":"- bytes","response-time":"0.593 ms"}
{"method":"GET","url":"/images/geog.png","status":"304","res":"- bytes","response-time":"0.735 ms"}
{"method":"GET","url":"/images/history.png","status":"304","res":"- bytes","response-time":"0.633 ms"}
{"method":"GET","url":"/images/science.png","status":"304","res":"- bytes","response-time":"1.175 ms"}
{"method":"GET","url":"/images/hindi.png","status":"304","res":"- bytes","response-time":"1.423 ms"}
{"method":"GET","url":"/images/eng.png","status":"304","res":"- bytes","response-time":"0.958 ms"}
{"method":"GET","url":"/images/marathi.png","status":"304","res":"- bytes","response-time":"1.007 ms"}
{"method":"GET","url":"/stylesheets/style.css","status":"304","res":"- bytes","response-time":"0.555 ms"}
