{"method":"GET","url":"/","status":"200","res":"37972 bytes","response-time":"56.227 ms"}
{"method":"GET","url":"/stylesheets/style.css","status":"304","res":"- bytes","response-time":"0.857 ms"}
{"method":"GET","url":"/stylesheets/requirement-modal.css","status":"304","res":"- bytes","response-time":"1.114 ms"}
{"method":"GET","url":"/images/download.png","status":"304","res":"- bytes","response-time":"0.823 ms"}
{"method":"GET","url":"/images/register.png","status":"304","res":"- bytes","response-time":"0.902 ms"}
{"method":"GET","url":"/javascripts/script.js","status":"304","res":"- bytes","response-time":"0.968 ms"}
{"method":"GET","url":"/javascripts/requirement-modal.js","status":"304","res":"- bytes","response-time":"1.346 ms"}
{"method":"GET","url":"/images/find.png","status":"304","res":"- bytes","response-time":"0.652 ms"}
{"method":"GET","url":"/images/demo.png","status":"304","res":"- bytes","response-time":"1.017 ms"}
{"method":"GET","url":"/images/teach.png","status":"304","res":"- bytes","response-time":"3.089 ms"}
{"method":"GET","url":"/images/feedback.png","status":"304","res":"- bytes","response-time":"0.524 ms"}
{"method":"GET","url":"/images/maths.png","status":"304","res":"- bytes","response-time":"0.596 ms"}
{"method":"GET","url":"/images/Art.png","status":"304","res":"- bytes","response-time":"1.079 ms"}
{"method":"GET","url":"/images/geog.png","status":"304","res":"- bytes","response-time":"0.923 ms"}
{"method":"GET","url":"/images/history.png","status":"304","res":"- bytes","response-time":"0.535 ms"}
{"method":"GET","url":"/images/science.png","status":"304","res":"- bytes","response-time":"0.541 ms"}
{"method":"GET","url":"/images/hindi.png","status":"304","res":"- bytes","response-time":"1.247 ms"}
{"method":"GET","url":"/images/eng.png","status":"304","res":"- bytes","response-time":"0.794 ms"}
{"method":"GET","url":"/images/marathi.png","status":"304","res":"- bytes","response-time":"1.101 ms"}
{"method":"GET","url":"/images/fees.png","status":"304","res":"- bytes","response-time":"1.116 ms"}
{"method":"GET","url":"/images/tutor.png","status":"304","res":"- bytes","response-time":"1.358 ms"}
{"method":"GET","url":"/images/review.png","status":"304","res":"- bytes","response-time":"1.129 ms"}
{"method":"GET","url":"/images/online.png","status":"304","res":"- bytes","response-time":"0.628 ms"}
{"method":"GET","url":"/images/group.png","status":"304","res":"- bytes","response-time":"1.121 ms"}
{"method":"GET","url":"/images/home.png","status":"304","res":"- bytes","response-time":"1.116 ms"}
{"method":"GET","url":"/","status":"200","res":"37981 bytes","response-time":"30.656 ms"}
{"method":"GET","url":"/stylesheets/style.css","status":"304","res":"- bytes","response-time":"1.146 ms"}
{"method":"GET","url":"/stylesheets/requirement-modal.css","status":"304","res":"- bytes","response-time":"1.003 ms"}
{"method":"GET","url":"/images/download.png","status":"304","res":"- bytes","response-time":"0.764 ms"}
{"method":"GET","url":"/images/register.png","status":"304","res":"- bytes","response-time":"0.815 ms"}
{"method":"GET","url":"/javascripts/script.js","status":"304","res":"- bytes","response-time":"0.914 ms"}
{"method":"GET","url":"/javascripts/requirement-modal.js","status":"304","res":"- bytes","response-time":"0.917 ms"}
{"method":"GET","url":"/images/find.png","status":"304","res":"- bytes","response-time":"0.608 ms"}
{"method":"GET","url":"/images/demo.png","status":"304","res":"- bytes","response-time":"0.920 ms"}
{"method":"GET","url":"/images/teach.png","status":"304","res":"- bytes","response-time":"1.368 ms"}
{"method":"GET","url":"/images/maths.png","status":"304","res":"- bytes","response-time":"2.049 ms"}
{"method":"GET","url":"/images/feedback.png","status":"304","res":"- bytes","response-time":"3.917 ms"}
{"method":"GET","url":"/images/Art.png","status":"304","res":"- bytes","response-time":"1.391 ms"}
{"method":"GET","url":"/images/geog.png","status":"304","res":"- bytes","response-time":"1.438 ms"}
{"method":"GET","url":"/images/history.png","status":"304","res":"- bytes","response-time":"2.317 ms"}
{"method":"GET","url":"/images/science.png","status":"304","res":"- bytes","response-time":"2.367 ms"}
{"method":"GET","url":"/images/eng.png","status":"304","res":"- bytes","response-time":"1.494 ms"}
{"method":"GET","url":"/images/hindi.png","status":"304","res":"- bytes","response-time":"1.484 ms"}
{"method":"GET","url":"/images/marathi.png","status":"304","res":"- bytes","response-time":"1.431 ms"}
{"method":"GET","url":"/images/fees.png","status":"304","res":"- bytes","response-time":"1.311 ms"}
{"method":"GET","url":"/images/tutor.png","status":"304","res":"- bytes","response-time":"1.231 ms"}
{"method":"GET","url":"/images/review.png","status":"304","res":"- bytes","response-time":"3.198 ms"}
{"method":"GET","url":"/images/online.png","status":"304","res":"- bytes","response-time":"0.876 ms"}
{"method":"GET","url":"/images/group.png","status":"304","res":"- bytes","response-time":"0.970 ms"}
{"method":"GET","url":"/images/home.png","status":"304","res":"- bytes","response-time":"3.486 ms"}
{"method":"GET","url":"/","status":"200","res":"37870 bytes","response-time":"23.208 ms"}
{"method":"GET","url":"/stylesheets/style.css","status":"304","res":"- bytes","response-time":"0.593 ms"}
{"method":"GET","url":"/stylesheets/requirement-modal.css","status":"304","res":"- bytes","response-time":"1.816 ms"}
{"method":"GET","url":"/images/download.png","status":"304","res":"- bytes","response-time":"1.195 ms"}
{"method":"GET","url":"/images/register.png","status":"304","res":"- bytes","response-time":"1.714 ms"}
{"method":"GET","url":"/javascripts/script.js","status":"304","res":"- bytes","response-time":"1.047 ms"}
{"method":"GET","url":"/javascripts/requirement-modal.js","status":"304","res":"- bytes","response-time":"2.026 ms"}
{"method":"GET","url":"/images/find.png","status":"304","res":"- bytes","response-time":"1.423 ms"}
{"method":"GET","url":"/images/demo.png","status":"304","res":"- bytes","response-time":"0.621 ms"}
{"method":"GET","url":"/images/teach.png","status":"304","res":"- bytes","response-time":"1.318 ms"}
{"method":"GET","url":"/images/feedback.png","status":"304","res":"- bytes","response-time":"1.351 ms"}
{"method":"GET","url":"/images/maths.png","status":"304","res":"- bytes","response-time":"1.603 ms"}
{"method":"GET","url":"/images/Art.png","status":"304","res":"- bytes","response-time":"0.816 ms"}
{"method":"GET","url":"/images/geog.png","status":"304","res":"- bytes","response-time":"0.555 ms"}
{"method":"GET","url":"/images/history.png","status":"304","res":"- bytes","response-time":"0.579 ms"}
{"method":"GET","url":"/images/science.png","status":"304","res":"- bytes","response-time":"0.625 ms"}
{"method":"GET","url":"/images/hindi.png","status":"304","res":"- bytes","response-time":"0.732 ms"}
{"method":"GET","url":"/images/eng.png","status":"304","res":"- bytes","response-time":"0.720 ms"}
{"method":"GET","url":"/images/marathi.png","status":"304","res":"- bytes","response-time":"1.755 ms"}
{"method":"GET","url":"/images/fees.png","status":"304","res":"- bytes","response-time":"1.685 ms"}
{"method":"GET","url":"/images/tutor.png","status":"304","res":"- bytes","response-time":"1.955 ms"}
{"method":"GET","url":"/images/review.png","status":"304","res":"- bytes","response-time":"1.405 ms"}
{"method":"GET","url":"/images/online.png","status":"304","res":"- bytes","response-time":"1.396 ms"}
{"method":"GET","url":"/images/group.png","status":"304","res":"- bytes","response-time":"1.448 ms"}
{"method":"GET","url":"/images/home.png","status":"304","res":"- bytes","response-time":"0.995 ms"}
{"method":"GET","url":"/","status":"200","res":"37810 bytes","response-time":"43.802 ms"}
{"method":"GET","url":"/stylesheets/style.css","status":"304","res":"- bytes","response-time":"1.242 ms"}
{"method":"GET","url":"/stylesheets/requirement-modal.css","status":"304","res":"- bytes","response-time":"0.657 ms"}
{"method":"GET","url":"/images/download.png","status":"304","res":"- bytes","response-time":"0.720 ms"}
{"method":"GET","url":"/images/register.png","status":"304","res":"- bytes","response-time":"2.748 ms"}
{"method":"GET","url":"/javascripts/script.js","status":"304","res":"- bytes","response-time":"0.858 ms"}
{"method":"GET","url":"/javascripts/requirement-modal.js","status":"304","res":"- bytes","response-time":"1.533 ms"}
{"method":"GET","url":"/images/find.png","status":"304","res":"- bytes","response-time":"0.730 ms"}
{"method":"GET","url":"/images/demo.png","status":"304","res":"- bytes","response-time":"0.646 ms"}
{"method":"GET","url":"/images/teach.png","status":"304","res":"- bytes","response-time":"0.817 ms"}
{"method":"GET","url":"/images/feedback.png","status":"304","res":"- bytes","response-time":"1.585 ms"}
{"method":"GET","url":"/images/Art.png","status":"304","res":"- bytes","response-time":"1.272 ms"}
{"method":"GET","url":"/images/maths.png","status":"304","res":"- bytes","response-time":"2.144 ms"}
{"method":"GET","url":"/images/geog.png","status":"304","res":"- bytes","response-time":"0.538 ms"}
{"method":"GET","url":"/images/history.png","status":"304","res":"- bytes","response-time":"0.761 ms"}
{"method":"GET","url":"/images/science.png","status":"304","res":"- bytes","response-time":"0.764 ms"}
{"method":"GET","url":"/images/hindi.png","status":"304","res":"- bytes","response-time":"1.269 ms"}
{"method":"GET","url":"/images/eng.png","status":"304","res":"- bytes","response-time":"1.312 ms"}
{"method":"GET","url":"/images/marathi.png","status":"304","res":"- bytes","response-time":"1.336 ms"}
{"method":"GET","url":"/images/fees.png","status":"304","res":"- bytes","response-time":"0.530 ms"}
{"method":"GET","url":"/images/tutor.png","status":"304","res":"- bytes","response-time":"0.561 ms"}
{"method":"GET","url":"/images/review.png","status":"304","res":"- bytes","response-time":"2.205 ms"}
{"method":"GET","url":"/images/online.png","status":"304","res":"- bytes","response-time":"0.946 ms"}
{"method":"GET","url":"/images/group.png","status":"304","res":"- bytes","response-time":"0.876 ms"}
{"method":"GET","url":"/images/home.png","status":"304","res":"- bytes","response-time":"0.967 ms"}
{"method":"GET","url":"/","status":"200","res":"37981 bytes","response-time":"45.734 ms"}
{"method":"GET","url":"/stylesheets/style.css","status":"304","res":"- bytes","response-time":"0.846 ms"}
{"method":"GET","url":"/stylesheets/requirement-modal.css","status":"304","res":"- bytes","response-time":"1.016 ms"}
{"method":"GET","url":"/images/download.png","status":"304","res":"- bytes","response-time":"0.622 ms"}
{"method":"GET","url":"/images/register.png","status":"304","res":"- bytes","response-time":"1.088 ms"}
{"method":"GET","url":"/javascripts/script.js","status":"304","res":"- bytes","response-time":"1.052 ms"}
{"method":"GET","url":"/javascripts/requirement-modal.js","status":"304","res":"- bytes","response-time":"0.704 ms"}
{"method":"GET","url":"/images/find.png","status":"304","res":"- bytes","response-time":"0.601 ms"}
{"method":"GET","url":"/images/demo.png","status":"304","res":"- bytes","response-time":"1.435 ms"}
{"method":"GET","url":"/images/teach.png","status":"304","res":"- bytes","response-time":"0.538 ms"}
{"method":"GET","url":"/images/feedback.png","status":"304","res":"- bytes","response-time":"0.902 ms"}
{"method":"GET","url":"/images/maths.png","status":"304","res":"- bytes","response-time":"0.906 ms"}
{"method":"GET","url":"/images/Art.png","status":"304","res":"- bytes","response-time":"2.143 ms"}
{"method":"GET","url":"/images/geog.png","status":"304","res":"- bytes","response-time":"0.643 ms"}
{"method":"GET","url":"/images/history.png","status":"304","res":"- bytes","response-time":"0.637 ms"}
{"method":"GET","url":"/images/science.png","status":"304","res":"- bytes","response-time":"1.505 ms"}
{"method":"GET","url":"/images/hindi.png","status":"304","res":"- bytes","response-time":"2.175 ms"}
{"method":"GET","url":"/images/eng.png","status":"304","res":"- bytes","response-time":"0.770 ms"}
{"method":"GET","url":"/images/marathi.png","status":"304","res":"- bytes","response-time":"0.955 ms"}
{"method":"GET","url":"/images/fees.png","status":"304","res":"- bytes","response-time":"0.661 ms"}
{"method":"GET","url":"/images/tutor.png","status":"304","res":"- bytes","response-time":"0.625 ms"}
{"method":"GET","url":"/images/review.png","status":"304","res":"- bytes","response-time":"1.331 ms"}
{"method":"GET","url":"/images/online.png","status":"304","res":"- bytes","response-time":"1.671 ms"}
{"method":"GET","url":"/images/group.png","status":"304","res":"- bytes","response-time":"2.386 ms"}
{"method":"GET","url":"/images/home.png","status":"304","res":"- bytes","response-time":"0.631 ms"}
{"method":"GET","url":"/","status":"200","res":"37939 bytes","response-time":"16.145 ms"}
{"method":"GET","url":"/stylesheets/style.css","status":"304","res":"- bytes","response-time":"2.188 ms"}
{"method":"GET","url":"/stylesheets/requirement-modal.css","status":"304","res":"- bytes","response-time":"2.322 ms"}
{"method":"GET","url":"/images/download.png","status":"304","res":"- bytes","response-time":"2.209 ms"}
{"method":"GET","url":"/images/register.png","status":"304","res":"- bytes","response-time":"2.174 ms"}
{"method":"GET","url":"/javascripts/script.js","status":"304","res":"- bytes","response-time":"0.910 ms"}
{"method":"GET","url":"/javascripts/requirement-modal.js","status":"304","res":"- bytes","response-time":"0.957 ms"}
{"method":"GET","url":"/images/find.png","status":"304","res":"- bytes","response-time":"0.573 ms"}
{"method":"GET","url":"/images/demo.png","status":"304","res":"- bytes","response-time":"0.881 ms"}
{"method":"GET","url":"/images/teach.png","status":"304","res":"- bytes","response-time":"0.923 ms"}
{"method":"GET","url":"/images/feedback.png","status":"304","res":"- bytes","response-time":"3.417 ms"}
{"method":"GET","url":"/images/maths.png","status":"304","res":"- bytes","response-time":"3.091 ms"}
{"method":"GET","url":"/images/Art.png","status":"304","res":"- bytes","response-time":"0.764 ms"}
{"method":"GET","url":"/images/geog.png","status":"304","res":"- bytes","response-time":"0.761 ms"}
{"method":"GET","url":"/images/history.png","status":"304","res":"- bytes","response-time":"1.914 ms"}
{"method":"GET","url":"/images/science.png","status":"304","res":"- bytes","response-time":"2.156 ms"}
{"method":"GET","url":"/images/hindi.png","status":"304","res":"- bytes","response-time":"2.820 ms"}
{"method":"GET","url":"/images/eng.png","status":"304","res":"- bytes","response-time":"1.924 ms"}
{"method":"GET","url":"/images/marathi.png","status":"304","res":"- bytes","response-time":"0.814 ms"}
{"method":"GET","url":"/images/fees.png","status":"304","res":"- bytes","response-time":"0.902 ms"}
{"method":"GET","url":"/images/tutor.png","status":"304","res":"- bytes","response-time":"0.598 ms"}
{"method":"GET","url":"/images/review.png","status":"304","res":"- bytes","response-time":"0.749 ms"}
{"method":"GET","url":"/images/online.png","status":"304","res":"- bytes","response-time":"0.797 ms"}
{"method":"GET","url":"/images/group.png","status":"304","res":"- bytes","response-time":"0.866 ms"}
{"method":"GET","url":"/images/home.png","status":"304","res":"- bytes","response-time":"2.936 ms"}
{"method":"GET","url":"/","status":"200","res":"38011 bytes","response-time":"17.326 ms"}
{"method":"GET","url":"/stylesheets/style.css","status":"304","res":"- bytes","response-time":"0.733 ms"}
{"method":"GET","url":"/stylesheets/requirement-modal.css","status":"304","res":"- bytes","response-time":"0.820 ms"}
{"method":"GET","url":"/images/download.png","status":"304","res":"- bytes","response-time":"2.991 ms"}
{"method":"GET","url":"/images/register.png","status":"304","res":"- bytes","response-time":"3.327 ms"}
{"method":"GET","url":"/javascripts/script.js","status":"304","res":"- bytes","response-time":"2.391 ms"}
{"method":"GET","url":"/javascripts/requirement-modal.js","status":"304","res":"- bytes","response-time":"2.377 ms"}
{"method":"GET","url":"/images/find.png","status":"304","res":"- bytes","response-time":"0.667 ms"}
{"method":"GET","url":"/images/demo.png","status":"304","res":"- bytes","response-time":"2.776 ms"}
{"method":"GET","url":"/images/feedback.png","status":"304","res":"- bytes","response-time":"1.455 ms"}
{"method":"GET","url":"/images/maths.png","status":"304","res":"- bytes","response-time":"1.522 ms"}
{"method":"GET","url":"/images/.png","status":"404","res":"5547 bytes","response-time":"11.517 ms"}
{"method":"GET","url":"/images/Art.png","status":"304","res":"- bytes","response-time":"0.777 ms"}
{"method":"GET","url":"/images/geog.png","status":"304","res":"- bytes","response-time":"0.816 ms"}
{"method":"GET","url":"/images/history.png","status":"304","res":"- bytes","response-time":"0.818 ms"}
{"method":"GET","url":"/images/science.png","status":"304","res":"- bytes","response-time":"1.603 ms"}
{"method":"GET","url":"/images/hindi.png","status":"304","res":"- bytes","response-time":"0.955 ms"}
{"method":"GET","url":"/images/eng.png","status":"304","res":"- bytes","response-time":"1.242 ms"}
{"method":"GET","url":"/images/marathi.png","status":"304","res":"- bytes","response-time":"1.356 ms"}
{"method":"GET","url":"/images/fees.png","status":"304","res":"- bytes","response-time":"2.981 ms"}
{"method":"GET","url":"/images/tutor.png","status":"304","res":"- bytes","response-time":"3.839 ms"}
{"method":"GET","url":"/images/review.png","status":"304","res":"- bytes","response-time":"1.550 ms"}
{"method":"GET","url":"/images/online.png","status":"304","res":"- bytes","response-time":"1.219 ms"}
{"method":"GET","url":"/images/group.png","status":"304","res":"- bytes","response-time":"1.465 ms"}
{"method":"GET","url":"/images/home.png","status":"304","res":"- bytes","response-time":"1.608 ms"}
{"method":"GET","url":"/Proto.io%20-%20Google%20Chrome%2025-04-2019%2015_38_41.mp4","status":"404","res":"5547 bytes","response-time":"8.925 ms"}
{"method":"GET","url":"/","status":"200","res":"38021 bytes","response-time":"31.526 ms"}
{"method":"GET","url":"/stylesheets/style.css","status":"304","res":"- bytes","response-time":"3.815 ms"}
{"method":"GET","url":"/stylesheets/requirement-modal.css","status":"304","res":"- bytes","response-time":"0.626 ms"}
{"method":"GET","url":"/images/download.png","status":"304","res":"- bytes","response-time":"0.976 ms"}
{"method":"GET","url":"/images/register.png","status":"304","res":"- bytes","response-time":"0.669 ms"}
{"method":"GET","url":"/javascripts/script.js","status":"304","res":"- bytes","response-time":"0.915 ms"}
{"method":"GET","url":"/javascripts/requirement-modal.js","status":"304","res":"- bytes","response-time":"0.677 ms"}
{"method":"GET","url":"/images/find.png","status":"304","res":"- bytes","response-time":"0.498 ms"}
{"method":"GET","url":"/images/demo.png","status":"304","res":"- bytes","response-time":"2.060 ms"}
{"method":"GET","url":"/images/maths.png","status":"304","res":"- bytes","response-time":"1.545 ms"}
{"method":"GET","url":"/images/feedback.png","status":"304","res":"- bytes","response-time":"2.601 ms"}
{"method":"GET","url":"/images/.png","status":"404","res":"5547 bytes","response-time":"13.338 ms"}
{"method":"GET","url":"/images/Art.png","status":"304","res":"- bytes","response-time":"0.870 ms"}
{"method":"GET","url":"/images/geog.png","status":"304","res":"- bytes","response-time":"0.823 ms"}
{"method":"GET","url":"/images/history.png","status":"304","res":"- bytes","response-time":"0.545 ms"}
{"method":"GET","url":"/images/science.png","status":"304","res":"- bytes","response-time":"0.846 ms"}
{"method":"GET","url":"/images/hindi.png","status":"304","res":"- bytes","response-time":"1.011 ms"}
{"method":"GET","url":"/images/eng.png","status":"304","res":"- bytes","response-time":"1.506 ms"}
{"method":"GET","url":"/images/marathi.png","status":"304","res":"- bytes","response-time":"1.877 ms"}
{"method":"GET","url":"/images/fees.png","status":"304","res":"- bytes","response-time":"5.530 ms"}
{"method":"GET","url":"/images/tutor.png","status":"304","res":"- bytes","response-time":"3.617 ms"}
{"method":"GET","url":"/images/review.png","status":"304","res":"- bytes","response-time":"3.592 ms"}
{"method":"GET","url":"/images/online.png","status":"304","res":"- bytes","response-time":"3.622 ms"}
{"method":"GET","url":"/images/group.png","status":"304","res":"- bytes","response-time":"3.261 ms"}
{"method":"GET","url":"/images/home.png","status":"304","res":"- bytes","response-time":"2.750 ms"}
{"method":"GET","url":"/Tutorry%20-%20Proto.io%20-%20Google%20Chrome%2025-04-2019%2015_38_41.mp4","status":"404","res":"5547 bytes","response-time":"7.341 ms"}
{"method":"GET","url":"/","status":"200","res":"38026 bytes","response-time":"31.416 ms"}
{"method":"GET","url":"/stylesheets/style.css","status":"304","res":"- bytes","response-time":"0.576 ms"}
{"method":"GET","url":"/stylesheets/requirement-modal.css","status":"304","res":"- bytes","response-time":"1.160 ms"}
{"method":"GET","url":"/images/download.png","status":"304","res":"- bytes","response-time":"1.099 ms"}
{"method":"GET","url":"/images/register.png","status":"304","res":"- bytes","response-time":"1.174 ms"}
{"method":"GET","url":"/javascripts/script.js","status":"304","res":"- bytes","response-time":"0.750 ms"}
{"method":"GET","url":"/javascripts/requirement-modal.js","status":"304","res":"- bytes","response-time":"0.711 ms"}
{"method":"GET","url":"/images/find.png","status":"304","res":"- bytes","response-time":"1.082 ms"}
{"method":"GET","url":"/images/demo.png","status":"304","res":"- bytes","response-time":"0.586 ms"}
{"method":"GET","url":"/images/teach.png","status":"304","res":"- bytes","response-time":"40.154 ms"}
{"method":"GET","url":"/images/geog.png","status":"304","res":"- bytes","response-time":"31.002 ms"}
{"method":"GET","url":"/images/history.png","status":"304","res":"- bytes","response-time":"30.104 ms"}
{"method":"GET","url":"/images/maths.png","status":"304","res":"- bytes","response-time":"36.492 ms"}
{"method":"GET","url":"/images/feedback.png","status":"304","res":"- bytes","response-time":"41.920 ms"}
{"method":"GET","url":"/images/Art.png","status":"304","res":"- bytes","response-time":"33.687 ms"}
{"method":"GET","url":"/images/science.png","status":"304","res":"- bytes","response-time":"0.987 ms"}
{"method":"GET","url":"/images/hindi.png","status":"304","res":"- bytes","response-time":"0.945 ms"}
{"method":"GET","url":"/images/eng.png","status":"304","res":"- bytes","response-time":"1.661 ms"}
{"method":"GET","url":"/images/marathi.png","status":"304","res":"- bytes","response-time":"1.334 ms"}
{"method":"GET","url":"/images/fees.png","status":"304","res":"- bytes","response-time":"1.017 ms"}
{"method":"GET","url":"/images/tutor.png","status":"304","res":"- bytes","response-time":"0.627 ms"}
{"method":"GET","url":"/images/review.png","status":"304","res":"- bytes","response-time":"1.723 ms"}
{"method":"GET","url":"/images/online.png","status":"304","res":"- bytes","response-time":"2.540 ms"}
{"method":"GET","url":"/images/group.png","status":"304","res":"- bytes","response-time":"0.599 ms"}
{"method":"GET","url":"/images/home.png","status":"304","res":"- bytes","response-time":"0.545 ms"}
{"method":"GET","url":"/Tutorry%20-%20Proto.io%20-%20Google%20Chrome%2025-04-2019%2015_38_41.mp4","status":"404","res":"5547 bytes","response-time":"8.057 ms"}
{"method":"GET","url":"/","status":"200","res":"37987 bytes","response-time":"23.921 ms"}
{"method":"GET","url":"/stylesheets/style.css","status":"304","res":"- bytes","response-time":"0.724 ms"}
{"method":"GET","url":"/stylesheets/requirement-modal.css","status":"304","res":"- bytes","response-time":"1.148 ms"}
{"method":"GET","url":"/images/download.png","status":"304","res":"- bytes","response-time":"0.611 ms"}
{"method":"GET","url":"/images/register.png","status":"304","res":"- bytes","response-time":"1.124 ms"}
{"method":"GET","url":"/javascripts/script.js","status":"304","res":"- bytes","response-time":"0.805 ms"}
{"method":"GET","url":"/javascripts/requirement-modal.js","status":"304","res":"- bytes","response-time":"0.788 ms"}
{"method":"GET","url":"/images/find.png","status":"304","res":"- bytes","response-time":"0.626 ms"}
{"method":"GET","url":"/images/demo.png","status":"304","res":"- bytes","response-time":"0.564 ms"}
{"method":"GET","url":"/images/teach.png","status":"304","res":"- bytes","response-time":"0.772 ms"}
{"method":"GET","url":"/images/feedback.png","status":"304","res":"- bytes","response-time":"0.839 ms"}
{"method":"GET","url":"/images/maths.png","status":"304","res":"- bytes","response-time":"0.548 ms"}
{"method":"GET","url":"/images/Art.png","status":"304","res":"- bytes","response-time":"0.559 ms"}
{"method":"GET","url":"/images/geog.png","status":"304","res":"- bytes","response-time":"2.553 ms"}
{"method":"GET","url":"/images/history.png","status":"304","res":"- bytes","response-time":"1.859 ms"}
{"method":"GET","url":"/images/science.png","status":"304","res":"- bytes","response-time":"1.684 ms"}
{"method":"GET","url":"/images/hindi.png","status":"304","res":"- bytes","response-time":"1.619 ms"}
{"method":"GET","url":"/images/eng.png","status":"304","res":"- bytes","response-time":"0.525 ms"}
{"method":"GET","url":"/images/marathi.png","status":"304","res":"- bytes","response-time":"1.803 ms"}
{"method":"GET","url":"/images/fees.png","status":"304","res":"- bytes","response-time":"1.600 ms"}
{"method":"GET","url":"/images/tutor.png","status":"304","res":"- bytes","response-time":"2.107 ms"}
{"method":"GET","url":"/images/review.png","status":"304","res":"- bytes","response-time":"1.653 ms"}
{"method":"GET","url":"/images/online.png","status":"304","res":"- bytes","response-time":"1.122 ms"}
{"method":"GET","url":"/images/group.png","status":"304","res":"- bytes","response-time":"1.080 ms"}
{"method":"GET","url":"/images/home.png","status":"304","res":"- bytes","response-time":"0.727 ms"}
{"method":"GET","url":"/videos/tutorry.mp4","status":"206","res":"16548112 bytes","response-time":"3.919 ms"}
{"method":"GET","url":"/videos/tutorry.mp4","status":"206","res":"1081616 bytes","response-time":"1.726 ms"}
{"method":"GET","url":"/videos/tutorry.mp4","status":"304","res":"- bytes","response-time":"0.517 ms"}
{"method":"GET","url":"/videos/tutorry.mp4","status":"206","res":"14876672 bytes","response-time":"2.242 ms"}
{"method":"GET","url":"/videos/tutorry.mp4","status":"304","res":"- bytes","response-time":"1.027 ms"}
{"method":"GET","url":"/videos/tutorry.mp4","status":"206","res":"14417920 bytes","response-time":"1.555 ms"}
{"method":"GET","url":"/videos/tutorry.mp4","status":"304","res":"- bytes","response-time":"0.555 ms"}
{"method":"GET","url":"/videos/tutorry.mp4","status":"206","res":"14417920 bytes","response-time":"3.793 ms"}
{"method":"GET","url":"/videos/tutorry.mp4","status":"304","res":"- bytes","response-time":"0.754 ms"}
{"method":"GET","url":"/videos/tutorry.mp4","status":"206","res":"13762560 bytes","response-time":"1.676 ms"}
{"method":"GET","url":"/videos/tutorry.mp4","status":"304","res":"- bytes","response-time":"0.707 ms"}
{"method":"GET","url":"/videos/tutorry.mp4","status":"-","res":"- bytes","response-time":"- ms"}
{"method":"GET","url":"/videos/tutorry.mp4","status":"304","res":"- bytes","response-time":"0.749 ms"}
{"method":"GET","url":"/videos/tutorry.mp4","status":"206","res":"13464416 bytes","response-time":"1.484 ms"}
{"method":"GET","url":"/videos/tutorry.mp4","status":"304","res":"- bytes","response-time":"0.527 ms"}
{"method":"GET","url":"/videos/tutorry.mp4","status":"206","res":"773392 bytes","response-time":"2.984 ms"}
{"method":"GET","url":"/","status":"200","res":"37987 bytes","response-time":"24.580 ms"}
{"method":"GET","url":"/stylesheets/style.css","status":"304","res":"- bytes","response-time":"0.785 ms"}
{"method":"GET","url":"/stylesheets/requirement-modal.css","status":"304","res":"- bytes","response-time":"0.968 ms"}
{"method":"GET","url":"/images/download.png","status":"304","res":"- bytes","response-time":"0.625 ms"}
{"method":"GET","url":"/images/register.png","status":"304","res":"- bytes","response-time":"0.589 ms"}
{"method":"GET","url":"/javascripts/script.js","status":"304","res":"- bytes","response-time":"0.928 ms"}
{"method":"GET","url":"/javascripts/requirement-modal.js","status":"304","res":"- bytes","response-time":"0.864 ms"}
{"method":"GET","url":"/images/find.png","status":"304","res":"- bytes","response-time":"0.757 ms"}
{"method":"GET","url":"/images/demo.png","status":"304","res":"- bytes","response-time":"0.671 ms"}
{"method":"GET","url":"/images/teach.png","status":"304","res":"- bytes","response-time":"0.713 ms"}
{"method":"GET","url":"/images/feedback.png","status":"304","res":"- bytes","response-time":"0.804 ms"}
{"method":"GET","url":"/images/maths.png","status":"304","res":"- bytes","response-time":"1.708 ms"}
{"method":"GET","url":"/images/Art.png","status":"304","res":"- bytes","response-time":"0.755 ms"}
{"method":"GET","url":"/images/geog.png","status":"304","res":"- bytes","response-time":"0.873 ms"}
{"method":"GET","url":"/images/history.png","status":"304","res":"- bytes","response-time":"0.791 ms"}
{"method":"GET","url":"/images/science.png","status":"304","res":"- bytes","response-time":"0.497 ms"}
{"method":"GET","url":"/images/hindi.png","status":"304","res":"- bytes","response-time":"0.753 ms"}
{"method":"GET","url":"/images/eng.png","status":"304","res":"- bytes","response-time":"0.837 ms"}
{"method":"GET","url":"/images/marathi.png","status":"304","res":"- bytes","response-time":"1.364 ms"}
{"method":"GET","url":"/images/fees.png","status":"304","res":"- bytes","response-time":"0.768 ms"}
{"method":"GET","url":"/images/tutor.png","status":"304","res":"- bytes","response-time":"0.975 ms"}
{"method":"GET","url":"/images/review.png","status":"304","res":"- bytes","response-time":"1.142 ms"}
{"method":"GET","url":"/images/online.png","status":"304","res":"- bytes","response-time":"0.668 ms"}
{"method":"GET","url":"/images/group.png","status":"304","res":"- bytes","response-time":"0.849 ms"}
{"method":"GET","url":"/images/home.png","status":"304","res":"- bytes","response-time":"0.905 ms"}
{"method":"GET","url":"/videos/tutorry.mp4","status":"304","res":"- bytes","response-time":"0.839 ms"}
{"method":"GET","url":"/","status":"200","res":"37987 bytes","response-time":"35.647 ms"}
{"method":"GET","url":"/stylesheets/style.css","status":"304","res":"- bytes","response-time":"2.165 ms"}
{"method":"GET","url":"/stylesheets/requirement-modal.css","status":"304","res":"- bytes","response-time":"0.851 ms"}
{"method":"GET","url":"/images/download.png","status":"304","res":"- bytes","response-time":"1.314 ms"}
{"method":"GET","url":"/images/register.png","status":"304","res":"- bytes","response-time":"0.697 ms"}
{"method":"GET","url":"/javascripts/script.js","status":"304","res":"- bytes","response-time":"0.583 ms"}
{"method":"GET","url":"/javascripts/requirement-modal.js","status":"304","res":"- bytes","response-time":"0.594 ms"}
{"method":"GET","url":"/images/find.png","status":"304","res":"- bytes","response-time":"0.823 ms"}
{"method":"GET","url":"/images/demo.png","status":"304","res":"- bytes","response-time":"0.899 ms"}
{"method":"GET","url":"/images/teach.png","status":"304","res":"- bytes","response-time":"2.001 ms"}
{"method":"GET","url":"/images/feedback.png","status":"304","res":"- bytes","response-time":"0.786 ms"}
{"method":"GET","url":"/images/maths.png","status":"304","res":"- bytes","response-time":"1.268 ms"}
{"method":"GET","url":"/images/Art.png","status":"304","res":"- bytes","response-time":"0.586 ms"}
{"method":"GET","url":"/images/geog.png","status":"304","res":"- bytes","response-time":"3.907 ms"}
{"method":"GET","url":"/images/history.png","status":"304","res":"- bytes","response-time":"2.470 ms"}
{"method":"GET","url":"/images/science.png","status":"304","res":"- bytes","response-time":"0.940 ms"}
{"method":"GET","url":"/images/hindi.png","status":"304","res":"- bytes","response-time":"1.034 ms"}
{"method":"GET","url":"/images/eng.png","status":"304","res":"- bytes","response-time":"0.689 ms"}
{"method":"GET","url":"/images/marathi.png","status":"304","res":"- bytes","response-time":"0.653 ms"}
{"method":"GET","url":"/images/fees.png","status":"304","res":"- bytes","response-time":"0.616 ms"}
{"method":"GET","url":"/images/tutor.png","status":"304","res":"- bytes","response-time":"1.159 ms"}
{"method":"GET","url":"/images/review.png","status":"304","res":"- bytes","response-time":"2.089 ms"}
{"method":"GET","url":"/images/group.png","status":"304","res":"- bytes","response-time":"1.061 ms"}
{"method":"GET","url":"/images/online.png","status":"304","res":"- bytes","response-time":"2.046 ms"}
{"method":"GET","url":"/images/home.png","status":"304","res":"- bytes","response-time":"0.676 ms"}
