{"method":"GET","url":"/","status":"200","res":"38551 bytes","response-time":"90.851 ms"}
{"method":"GET","url":"/stylesheets/style.css","status":"304","res":"- bytes","response-time":"9.059 ms"}
{"method":"GET","url":"/stylesheets/requirement-modal.css","status":"304","res":"- bytes","response-time":"8.695 ms"}
{"method":"GET","url":"/javascripts/script.js","status":"304","res":"- bytes","response-time":"0.818 ms"}
{"method":"GET","url":"/javascripts/requirement-modal.js","status":"304","res":"- bytes","response-time":"6.376 ms"}
{"method":"GET","url":"/images/maths.png","status":"200","res":"4776 bytes","response-time":"51.185 ms"}
{"method":"GET","url":"/stylesheets/style.css","status":"304","res":"- bytes","response-time":"1.548 ms"}
{"method":"GET","url":"/","status":"200","res":"38552 bytes","response-time":"31.450 ms"}
{"method":"GET","url":"/stylesheets/style.css","status":"304","res":"- bytes","response-time":"4.144 ms"}
{"method":"GET","url":"/stylesheets/requirement-modal.css","status":"304","res":"- bytes","response-time":"2.327 ms"}
{"method":"GET","url":"/javascripts/script.js","status":"304","res":"- bytes","response-time":"1.457 ms"}
{"method":"GET","url":"/images/maths.png","status":"304","res":"- bytes","response-time":"1.456 ms"}
{"method":"GET","url":"/javascripts/requirement-modal.js","status":"304","res":"- bytes","response-time":"0.789 ms"}
{"method":"GET","url":"/stylesheets/style.css","status":"304","res":"- bytes","response-time":"0.679 ms"}
{"method":"GET","url":"/","status":"200","res":"38558 bytes","response-time":"25.361 ms"}
{"method":"GET","url":"/stylesheets/style.css","status":"304","res":"- bytes","response-time":"0.730 ms"}
{"method":"GET","url":"/stylesheets/requirement-modal.css","status":"304","res":"- bytes","response-time":"0.846 ms"}
{"method":"GET","url":"/images/maths.png","status":"304","res":"- bytes","response-time":"0.738 ms"}
{"method":"GET","url":"/javascripts/script.js","status":"304","res":"- bytes","response-time":"0.785 ms"}
{"method":"GET","url":"/javascripts/requirement-modal.js","status":"304","res":"- bytes","response-time":"1.460 ms"}
{"method":"GET","url":"/stylesheets/style.css","status":"304","res":"- bytes","response-time":"0.605 ms"}
{"method":"GET","url":"/","status":"200","res":"38532 bytes","response-time":"183.191 ms"}
{"method":"GET","url":"/stylesheets/style.css","status":"304","res":"- bytes","response-time":"0.904 ms"}
{"method":"GET","url":"/stylesheets/requirement-modal.css","status":"304","res":"- bytes","response-time":"1.422 ms"}
{"method":"GET","url":"/images/Art.png","status":"200","res":"4017 bytes","response-time":"1.565 ms"}
{"method":"GET","url":"/images/maths.png","status":"304","res":"- bytes","response-time":"0.555 ms"}
{"method":"GET","url":"/javascripts/requirement-modal.js","status":"304","res":"- bytes","response-time":"41.717 ms"}
{"method":"GET","url":"/javascripts/script.js","status":"304","res":"- bytes","response-time":"41.897 ms"}
{"method":"GET","url":"/stylesheets/style.css","status":"304","res":"- bytes","response-time":"2.220 ms"}
{"method":"GET","url":"/","status":"304","res":"- bytes","response-time":"27.163 ms"}
{"method":"GET","url":"/stylesheets/style.css","status":"304","res":"- bytes","response-time":"2.834 ms"}
{"method":"GET","url":"/stylesheets/requirement-modal.css","status":"304","res":"- bytes","response-time":"2.817 ms"}
{"method":"GET","url":"/images/maths.png","status":"304","res":"- bytes","response-time":"2.329 ms"}
{"method":"GET","url":"/images/Art.png","status":"304","res":"- bytes","response-time":"2.499 ms"}
{"method":"GET","url":"/javascripts/script.js","status":"304","res":"- bytes","response-time":"1.321 ms"}
{"method":"GET","url":"/javascripts/requirement-modal.js","status":"304","res":"- bytes","response-time":"0.782 ms"}
{"method":"GET","url":"/stylesheets/style.css","status":"304","res":"- bytes","response-time":"0.448 ms"}
{"method":"GET","url":"/","status":"200","res":"38519 bytes","response-time":"33.288 ms"}
{"method":"GET","url":"/stylesheets/style.css","status":"304","res":"- bytes","response-time":"5.507 ms"}
{"method":"GET","url":"/stylesheets/requirement-modal.css","status":"304","res":"- bytes","response-time":"5.411 ms"}
{"method":"GET","url":"/images/maths.png","status":"304","res":"- bytes","response-time":"4.005 ms"}
{"method":"GET","url":"/images/Art.png","status":"304","res":"- bytes","response-time":"3.980 ms"}
{"method":"GET","url":"/javascripts/script.js","status":"304","res":"- bytes","response-time":"1.983 ms"}
{"method":"GET","url":"/javascripts/requirement-modal.js","status":"304","res":"- bytes","response-time":"0.800 ms"}
{"method":"GET","url":"/images/geog.png","status":"200","res":"3121 bytes","response-time":"2.746 ms"}
{"method":"GET","url":"/stylesheets/style.css","status":"304","res":"- bytes","response-time":"0.624 ms"}
{"method":"GET","url":"/","status":"200","res":"38504 bytes","response-time":"23.838 ms"}
{"method":"GET","url":"/stylesheets/style.css","status":"304","res":"- bytes","response-time":"1.328 ms"}
{"method":"GET","url":"/stylesheets/requirement-modal.css","status":"304","res":"- bytes","response-time":"1.436 ms"}
{"method":"GET","url":"/images/maths.png","status":"304","res":"- bytes","response-time":"0.979 ms"}
{"method":"GET","url":"/images/Art.png","status":"304","res":"- bytes","response-time":"0.964 ms"}
{"method":"GET","url":"/javascripts/script.js","status":"304","res":"- bytes","response-time":"0.642 ms"}
{"method":"GET","url":"/javascripts/requirement-modal.js","status":"304","res":"- bytes","response-time":"0.628 ms"}
{"method":"GET","url":"/images/geog.png","status":"304","res":"- bytes","response-time":"0.816 ms"}
{"method":"GET","url":"/images/history.png","status":"200","res":"5179 bytes","response-time":"2.433 ms"}
{"method":"GET","url":"/stylesheets/style.css","status":"304","res":"- bytes","response-time":"1.954 ms"}
